#
# There is insufficient memory for the Java Runtime Environment to continue.
# Native memory allocation (malloc) failed to allocate 604576 bytes for Chunk::new
# Possible reasons:
#   The system is out of physical RAM or swap space
#   The process is running with CompressedOops enabled, and the Java Heap may be blocking the growth of the native heap
# Possible solutions:
#   Reduce memory load on the system
#   Increase physical memory or swap space
#   Check if swap backing store is full
#   Decrease Java heap size (-Xmx/-Xms)
#   Decrease number of Java threads
#   Decrease Java thread stack sizes (-Xss)
#   Set larger code cache with -XX:ReservedCodeCacheSize=
#   JVM is running with Unscaled Compressed Oops mode in which the Java heap is
#     placed in the first 4GB address space. The Java Heap base address is the
#     maximum limit for the native heap growth. Please use -XX:HeapBaseMinAddress
#     to set the Java Heap base and to place the Java Heap above 4GB virtual address.
# This output file may be truncated or incomplete.
#
#  Out of Memory Error (arena.cpp:189), pid=36608, tid=23560
#
# JRE version: OpenJDK Runtime Environment Temurin-17.0.3+7 (17.0.3+7) (build 17.0.3+7)
# Java VM: OpenJDK 64-Bit Server VM Temurin-17.0.3+7 (17.0.3+7, mixed mode, tiered, compressed oops, compressed class ptrs, g1 gc, windows-amd64)
# No core dump will be written. Minidumps are not enabled by default on client versions of Windows
#

---------------  S U M M A R Y ------------

Command Line: -ea -Dfile.encoding=UTF-8 -XX:+ShowCodeDetailsInExceptionMessages org.testng.remote.RemoteTestNG -serport 53413 -protocol json -d C:\Users\hp\eclipse-workspace\ClientAdminNETRUM\test-output C:\Users\hp\eclipse-workspace\ClientAdminNETRUM\testng.xml

Host: AMD Ryzen 5 3550H with Radeon Vega Mobile Gfx  , 8 cores, 5G,  Windows 11 , 64 bit Build 22621 (10.0.22621.2070)
Time: Wed Sep 20 15:22:29 2023 India Standard Time elapsed time: 2911.064461 seconds (0d 0h 48m 31s)

---------------  T H R E A D  ---------------

Current thread (0x000002ae78011340):  JavaThread "C2 CompilerThread0" daemon [_thread_in_native, id=23560, stack(0x000000e137200000,0x000000e137300000)]


Current CompileTask:
C2:2911065 6576       4       org.testng.shaded.com.google.gson.stream.JsonWriter::string (171 bytes)

Stack: [0x000000e137200000,0x000000e137300000]
Native frames: (J=compiled Java code, j=interpreted, Vv=VM code, C=native code)
V  [jvm.dll+0x675efa]
V  [jvm.dll+0x830a24]
V  [jvm.dll+0x8321ce]
V  [jvm.dll+0x832833]
V  [jvm.dll+0x2454b5]
V  [jvm.dll+0xabd7b]
V  [jvm.dll+0xac30c]
V  [jvm.dll+0x363627]
V  [jvm.dll+0x32dca1]
V  [jvm.dll+0x32d14a]
V  [jvm.dll+0x218361]
V  [jvm.dll+0x217781]
V  [jvm.dll+0x1a3ccd]
V  [jvm.dll+0x227178]
V  [jvm.dll+0x2252bc]
V  [jvm.dll+0x7e673b]
V  [jvm.dll+0x7e0cfa]
V  [jvm.dll+0x674d85]
C  [ucrtbase.dll+0x29363]
C  [KERNEL32.DLL+0x126ad]
C  [ntdll.dll+0x5aa68]


---------------  P R O C E S S  ---------------

Threads class SMR info:
_java_thread_list=0x000002ae7bcb9b00, length=106, elements={
0x000002ae5c9af700, 0x000002ae7754b670, 0x000002ae7754c830, 0x000002ae775aeaa0,
0x000002ae775a6070, 0x000002ae775a6a20, 0x000002ae7800c490, 0x000002ae78011340,
0x000002ae78013200, 0x000002ae780263c0, 0x000002ae78198d10, 0x000002ae781ad740,
0x000002ae78878440, 0x000002ae78f353c0, 0x000002ae78f336e0, 0x000002ae78f35890,
0x000002ae78f34ef0, 0x000002ae78f35d60, 0x000002ae78f33bb0, 0x000002ae78f36230,
0x000002ae78f32d40, 0x000002ae78f33210, 0x000002ae7820a490, 0x000002ae78207e10,
0x000002ae78206ad0, 0x000002ae78205790, 0x000002ae78206fa0, 0x000002ae78208c80,
0x000002ae78207470, 0x000002ae78205c60, 0x000002ae7820a960, 0x000002ae78206130,
0x000002ae782082e0, 0x000002ae782087b0, 0x000002ae78206600, 0x000002ae78207940,
0x000002ae78209150, 0x000002ae7820ae30, 0x000002ae7820bca0, 0x000002ae7820b300,
0x000002ae7820c640, 0x000002ae78209620, 0x000002ae78209fc0, 0x000002ae78209af0,
0x000002ae7820c170, 0x000002ae7820cb10, 0x000002ae78f34080, 0x000002ae7844bd40,
0x000002ae7844b3a0, 0x000002ae7844e890, 0x000002ae7844e3c0, 0x000002ae7844f230,
0x000002ae784496c0, 0x000002ae7844c210, 0x000002ae7844f700, 0x000002ae78448850,
0x000002ae7844c6e0, 0x000002ae7844d550, 0x000002ae7844a530, 0x000002ae7844da20,
0x000002ae78448d20, 0x000002ae7844ed60, 0x000002ae7844fbd0, 0x000002ae784491f0,
0x000002ae784500a0, 0x000002ae78449b90, 0x000002ae7844a060, 0x000002ae7844aa00,
0x000002ae7844cbb0, 0x000002ae7844aed0, 0x000002ae7844b870, 0x000002ae7844d080,
0x000002ae7844def0, 0x000002ae78f34550, 0x000002ae78f34a20, 0x000002ae7820cfe0,
0x000002ae78f36700, 0x000002ae79209a00, 0x000002ae79208b90, 0x000002ae7920ad40,
0x000002ae7920b210, 0x000002ae7920e230, 0x000002ae79209ed0, 0x000002ae79209060,
0x000002ae792069e0, 0x000002ae792086c0, 0x000002ae7920bbb0, 0x000002ae79207850,
0x000002ae7920c080, 0x000002ae79206eb0, 0x000002ae79209530, 0x000002ae7920ca20,
0x000002ae7920cef0, 0x000002ae7920c550, 0x000002ae7920dd60, 0x000002ae7920a3a0,
0x000002ae7920a870, 0x000002ae7920b6e0, 0x000002ae792081f0, 0x000002ae79207380,
0x000002ae7920d3c0, 0x000002ae79207d20, 0x000002ae78b28ed0, 0x000002ae78b27b90,
0x000002ae78b2a6e0, 0x000002ae78b293a0
}

Java Threads: ( => current thread )
  0x000002ae5c9af700 JavaThread "main" [_thread_in_vm, id=13636, stack(0x000000e136500000,0x000000e136600000)]
  0x000002ae7754b670 JavaThread "Reference Handler" daemon [_thread_blocked, id=15364, stack(0x000000e136c00000,0x000000e136d00000)]
  0x000002ae7754c830 JavaThread "Finalizer" daemon [_thread_blocked, id=23536, stack(0x000000e136d00000,0x000000e136e00000)]
  0x000002ae775aeaa0 JavaThread "Signal Dispatcher" daemon [_thread_blocked, id=33012, stack(0x000000e136e00000,0x000000e136f00000)]
  0x000002ae775a6070 JavaThread "Attach Listener" daemon [_thread_blocked, id=9960, stack(0x000000e136f00000,0x000000e137000000)]
  0x000002ae775a6a20 JavaThread "Service Thread" daemon [_thread_blocked, id=39184, stack(0x000000e137000000,0x000000e137100000)]
  0x000002ae7800c490 JavaThread "Monitor Deflation Thread" daemon [_thread_blocked, id=29744, stack(0x000000e137100000,0x000000e137200000)]
=>0x000002ae78011340 JavaThread "C2 CompilerThread0" daemon [_thread_in_native, id=23560, stack(0x000000e137200000,0x000000e137300000)]
  0x000002ae78013200 JavaThread "C1 CompilerThread0" daemon [_thread_blocked, id=40344, stack(0x000000e137300000,0x000000e137400000)]
  0x000002ae780263c0 JavaThread "Sweeper thread" daemon [_thread_blocked, id=30332, stack(0x000000e137400000,0x000000e137500000)]
  0x000002ae78198d10 JavaThread "Notification Thread" daemon [_thread_blocked, id=37292, stack(0x000000e137500000,0x000000e137600000)]
  0x000002ae781ad740 JavaThread "Common-Cleaner" daemon [_thread_blocked, id=26744, stack(0x000000e137700000,0x000000e137800000)]
  0x000002ae78878440 JavaThread "ReaderThread" [_thread_in_native, id=20724, stack(0x000000e137a00000,0x000000e137b00000)]
  0x000002ae78f353c0 JavaThread "AsyncHttpClient-1-1" daemon [_thread_blocked, id=24340, stack(0x000000e137800000,0x000000e137900000)]
  0x000002ae78f336e0 JavaThread "Exec Default Executor" daemon [_thread_in_native, id=26256, stack(0x000000e138a00000,0x000000e138b00000)]
  0x000002ae78f35890 JavaThread "Exec Stream Pumper" daemon [_thread_in_native, id=26692, stack(0x000000e138b00000,0x000000e138c00000)]
  0x000002ae78f34ef0 JavaThread "Exec Stream Pumper" daemon [_thread_in_native, id=39304, stack(0x000000e138c00000,0x000000e138d00000)]
  0x000002ae78f35d60 JavaThread "Driver Service Executor" daemon [_thread_blocked, id=39852, stack(0x000000e138d00000,0x000000e138e00000)]
  0x000002ae78f33bb0 JavaThread "Driver Service Executor" daemon [_thread_blocked, id=14224, stack(0x000000e138e00000,0x000000e138f00000)]
  0x000002ae78f36230 JavaThread "AsyncHttpClient-1-2" daemon [_thread_in_native, id=35864, stack(0x000000e139200000,0x000000e139300000)]
  0x000002ae78f32d40 JavaThread "AsyncHttpClient-1-3" daemon [_thread_in_native, id=22848, stack(0x000000e139100000,0x000000e139200000)]
  0x000002ae78f33210 JavaThread "AsyncHttpClient-1-4" daemon [_thread_in_native, id=38852, stack(0x000000e139300000,0x000000e139400000)]
  0x000002ae7820a490 JavaThread "AsyncHttpClient-1-5" daemon [_thread_in_native, id=16452, stack(0x000000e139900000,0x000000e139a00000)]
  0x000002ae78207e10 JavaThread "AsyncHttpClient-1-6" daemon [_thread_in_native, id=8416, stack(0x000000e139a00000,0x000000e139b00000)]
  0x000002ae78206ad0 JavaThread "AsyncHttpClient-1-7" daemon [_thread_in_native, id=28980, stack(0x000000e139b00000,0x000000e139c00000)]
  0x000002ae78205790 JavaThread "Exec Default Executor" daemon [_thread_in_native, id=19892, stack(0x000000e136200000,0x000000e136300000)]
  0x000002ae78206fa0 JavaThread "Exec Stream Pumper" daemon [_thread_in_native, id=36356, stack(0x000000e136400000,0x000000e136500000)]
  0x000002ae78208c80 JavaThread "Exec Stream Pumper" daemon [_thread_in_native, id=40588, stack(0x000000e138100000,0x000000e138200000)]
  0x000002ae78207470 JavaThread "Driver Service Executor" daemon [_thread_blocked, id=24192, stack(0x000000e139000000,0x000000e139100000)]
  0x000002ae78205c60 JavaThread "Driver Service Executor" daemon [_thread_blocked, id=8856, stack(0x000000e139400000,0x000000e139500000)]
  0x000002ae7820a960 JavaThread "AsyncHttpClient-1-8" daemon [_thread_in_native, id=40860, stack(0x000000e139500000,0x000000e139600000)]
  0x000002ae78206130 JavaThread "AsyncHttpClient-1-9" daemon [_thread_in_native, id=38136, stack(0x000000e136300000,0x000000e136400000)]
  0x000002ae782082e0 JavaThread "AsyncHttpClient-1-10" daemon [_thread_in_native, id=38000, stack(0x000000e139700000,0x000000e139800000)]
  0x000002ae782087b0 JavaThread "Exec Default Executor" daemon [_thread_in_native, id=15676, stack(0x000000e138300000,0x000000e138400000)]
  0x000002ae78206600 JavaThread "Exec Stream Pumper" daemon [_thread_in_native, id=23132, stack(0x000000e138600000,0x000000e138700000)]
  0x000002ae78207940 JavaThread "Exec Stream Pumper" daemon [_thread_in_native, id=31016, stack(0x000000e138f00000,0x000000e139000000)]
  0x000002ae78209150 JavaThread "Driver Service Executor" daemon [_thread_blocked, id=27708, stack(0x000000e139600000,0x000000e139700000)]
  0x000002ae7820ae30 JavaThread "Driver Service Executor" daemon [_thread_blocked, id=9776, stack(0x000000e139800000,0x000000e139900000)]
  0x000002ae7820bca0 JavaThread "AsyncHttpClient-1-11" daemon [_thread_in_native, id=24012, stack(0x000000e139e00000,0x000000e139f00000)]
  0x000002ae7820b300 JavaThread "AsyncHttpClient-1-12" daemon [_thread_in_native, id=8308, stack(0x000000e139f00000,0x000000e13a000000)]
  0x000002ae7820c640 JavaThread "AsyncHttpClient-1-13" daemon [_thread_in_native, id=40056, stack(0x000000e13a000000,0x000000e13a100000)]
  0x000002ae78209620 JavaThread "Exec Default Executor" daemon [_thread_in_native, id=33040, stack(0x000000e137900000,0x000000e137a00000)]
  0x000002ae78209fc0 JavaThread "Exec Stream Pumper" daemon [_thread_in_native, id=16252, stack(0x000000e138000000,0x000000e138100000)]
  0x000002ae78209af0 JavaThread "Exec Stream Pumper" daemon [_thread_in_native, id=40576, stack(0x000000e138200000,0x000000e138300000)]
  0x000002ae7820c170 JavaThread "Driver Service Executor" daemon [_thread_blocked, id=38132, stack(0x000000e138400000,0x000000e138500000)]
  0x000002ae7820cb10 JavaThread "Driver Service Executor" daemon [_thread_blocked, id=38860, stack(0x000000e138500000,0x000000e138600000)]
  0x000002ae78f34080 JavaThread "AsyncHttpClient-1-14" daemon [_thread_in_native, id=36832, stack(0x000000e13a200000,0x000000e13a300000)]
  0x000002ae7844bd40 JavaThread "AsyncHttpClient-1-15" daemon [_thread_in_native, id=36584, stack(0x000000e13a500000,0x000000e13a600000)]
  0x000002ae7844b3a0 JavaThread "AsyncHttpClient-1-16" daemon [_thread_in_native, id=35604, stack(0x000000e13a600000,0x000000e13a700000)]
  0x000002ae7844e890 JavaThread "Exec Default Executor" daemon [_thread_in_native, id=13384, stack(0x000000e139c00000,0x000000e139d00000)]
  0x000002ae7844e3c0 JavaThread "Exec Stream Pumper" daemon [_thread_in_native, id=39088, stack(0x000000e13a100000,0x000000e13a200000)]
  0x000002ae7844f230 JavaThread "Exec Stream Pumper" daemon [_thread_in_native, id=37224, stack(0x000000e13a300000,0x000000e13a400000)]
  0x000002ae784496c0 JavaThread "Driver Service Executor" daemon [_thread_blocked, id=28428, stack(0x000000e13a400000,0x000000e13a500000)]
  0x000002ae7844c210 JavaThread "Driver Service Executor" daemon [_thread_blocked, id=25176, stack(0x000000e13a700000,0x000000e13a800000)]
  0x000002ae7844f700 JavaThread "AsyncHttpClient-1-17" daemon [_thread_in_native, id=8108, stack(0x000000e13aa00000,0x000000e13ab00000)]
  0x000002ae78448850 JavaThread "Exec Default Executor" daemon [_thread_in_native, id=26952, stack(0x000000e13a800000,0x000000e13a900000)]
  0x000002ae7844c6e0 JavaThread "Exec Stream Pumper" daemon [_thread_in_native, id=25728, stack(0x000000e13a900000,0x000000e13aa00000)]
  0x000002ae7844d550 JavaThread "Exec Stream Pumper" daemon [_thread_in_native, id=9576, stack(0x000000e13ab00000,0x000000e13ac00000)]
  0x000002ae7844a530 JavaThread "Driver Service Executor" daemon [_thread_blocked, id=32320, stack(0x000000e13ac00000,0x000000e13ad00000)]
  0x000002ae7844da20 JavaThread "Driver Service Executor" daemon [_thread_blocked, id=39068, stack(0x000000e13ad00000,0x000000e13ae00000)]
  0x000002ae78448d20 JavaThread "Exec Default Executor" daemon [_thread_in_native, id=37460, stack(0x000000e139d00000,0x000000e139e00000)]
  0x000002ae7844ed60 JavaThread "Exec Stream Pumper" daemon [_thread_in_native, id=38984, stack(0x000000e13ae00000,0x000000e13af00000)]
  0x000002ae7844fbd0 JavaThread "Exec Stream Pumper" daemon [_thread_in_native, id=29860, stack(0x000000e13af00000,0x000000e13b000000)]
  0x000002ae784491f0 JavaThread "Driver Service Executor" daemon [_thread_blocked, id=24832, stack(0x000000e13b000000,0x000000e13b100000)]
  0x000002ae784500a0 JavaThread "Driver Service Executor" daemon [_thread_blocked, id=40740, stack(0x000000e13b100000,0x000000e13b200000)]
  0x000002ae78449b90 JavaThread "Exec Default Executor" daemon [_thread_in_native, id=40008, stack(0x000000e13b200000,0x000000e13b300000)]
  0x000002ae7844a060 JavaThread "Exec Stream Pumper" daemon [_thread_in_native, id=40212, stack(0x000000e13b300000,0x000000e13b400000)]
  0x000002ae7844aa00 JavaThread "Exec Stream Pumper" daemon [_thread_in_native, id=34736, stack(0x000000e13b400000,0x000000e13b500000)]
  0x000002ae7844cbb0 JavaThread "Driver Service Executor" daemon [_thread_blocked, id=35032, stack(0x000000e13b500000,0x000000e13b600000)]
  0x000002ae7844aed0 JavaThread "Driver Service Executor" daemon [_thread_blocked, id=24708, stack(0x000000e13b600000,0x000000e13b700000)]
  0x000002ae7844b870 JavaThread "Exec Default Executor" daemon [_thread_in_native, id=15480, stack(0x000000e13b700000,0x000000e13b800000)]
  0x000002ae7844d080 JavaThread "Exec Stream Pumper" daemon [_thread_in_native, id=36388, stack(0x000000e13b800000,0x000000e13b900000)]
  0x000002ae7844def0 JavaThread "Exec Stream Pumper" daemon [_thread_in_native, id=27328, stack(0x000000e13b900000,0x000000e13ba00000)]
  0x000002ae78f34550 JavaThread "Driver Service Executor" daemon [_thread_blocked, id=27636, stack(0x000000e13ba00000,0x000000e13bb00000)]
  0x000002ae78f34a20 JavaThread "Driver Service Executor" daemon [_thread_blocked, id=29168, stack(0x000000e13bb00000,0x000000e13bc00000)]
  0x000002ae7820cfe0 JavaThread "Exec Default Executor" daemon [_thread_in_native, id=34588, stack(0x000000e13bc00000,0x000000e13bd00000)]
  0x000002ae78f36700 JavaThread "Exec Stream Pumper" daemon [_thread_in_native, id=13820, stack(0x000000e13be00000,0x000000e13bf00000)]
  0x000002ae79209a00 JavaThread "Exec Stream Pumper" daemon [_thread_in_native, id=27472, stack(0x000000e13bf00000,0x000000e13c000000)]
  0x000002ae79208b90 JavaThread "Driver Service Executor" daemon [_thread_blocked, id=39460, stack(0x000000e13c000000,0x000000e13c100000)]
  0x000002ae7920ad40 JavaThread "Driver Service Executor" daemon [_thread_blocked, id=31796, stack(0x000000e13c100000,0x000000e13c200000)]
  0x000002ae7920b210 JavaThread "Exec Default Executor" daemon [_thread_in_native, id=8056, stack(0x000000e13c200000,0x000000e13c300000)]
  0x000002ae7920e230 JavaThread "Exec Stream Pumper" daemon [_thread_in_native, id=41688, stack(0x000000e13c300000,0x000000e13c400000)]
  0x000002ae79209ed0 JavaThread "Exec Stream Pumper" daemon [_thread_in_native, id=41396, stack(0x000000e13c400000,0x000000e13c500000)]
  0x000002ae79209060 JavaThread "Driver Service Executor" daemon [_thread_blocked, id=41216, stack(0x000000e13c500000,0x000000e13c600000)]
  0x000002ae792069e0 JavaThread "Driver Service Executor" daemon [_thread_blocked, id=38156, stack(0x000000e13c600000,0x000000e13c700000)]
  0x000002ae792086c0 JavaThread "Java2D Disposer" daemon [_thread_blocked, id=32280, stack(0x000000e13ca00000,0x000000e13cb00000)]
  0x000002ae7920bbb0 JavaThread "AWT-Windows" daemon [_thread_in_native, id=27768, stack(0x000000e13cc00000,0x000000e13cd00000)]
  0x000002ae79207850 JavaThread "Exec Default Executor" daemon [_thread_in_native, id=27620, stack(0x000000e13c700000,0x000000e13c800000)]
  0x000002ae7920c080 JavaThread "Exec Stream Pumper" daemon [_thread_in_native, id=33880, stack(0x000000e13c800000,0x000000e13c900000)]
  0x000002ae79206eb0 JavaThread "Exec Stream Pumper" daemon [_thread_in_native, id=41716, stack(0x000000e13c900000,0x000000e13ca00000)]
  0x000002ae79209530 JavaThread "Driver Service Executor" daemon [_thread_blocked, id=40112, stack(0x000000e13d600000,0x000000e13d700000)]
  0x000002ae7920ca20 JavaThread "Driver Service Executor" daemon [_thread_blocked, id=39980, stack(0x000000e13d700000,0x000000e13d800000)]
  0x000002ae7920cef0 JavaThread "Exec Default Executor" daemon [_thread_in_native, id=42888, stack(0x000000e13cd00000,0x000000e13ce00000)]
  0x000002ae7920c550 JavaThread "Exec Stream Pumper" daemon [_thread_in_native, id=38008, stack(0x000000e13d800000,0x000000e13d900000)]
  0x000002ae7920dd60 JavaThread "Exec Stream Pumper" daemon [_thread_in_native, id=42840, stack(0x000000e13d900000,0x000000e13da00000)]
  0x000002ae7920a3a0 JavaThread "Driver Service Executor" daemon [_thread_blocked, id=41628, stack(0x000000e13da00000,0x000000e13db00000)]
  0x000002ae7920a870 JavaThread "Driver Service Executor" daemon [_thread_blocked, id=42828, stack(0x000000e13db00000,0x000000e13dc00000)]
  0x000002ae7920b6e0 JavaThread "Exec Default Executor" daemon [_thread_in_native, id=43460, stack(0x000000e13dc00000,0x000000e13dd00000)]
  0x000002ae792081f0 JavaThread "Exec Stream Pumper" daemon [_thread_in_native, id=43480, stack(0x000000e13dd00000,0x000000e13de00000)]
  0x000002ae79207380 JavaThread "Exec Stream Pumper" daemon [_thread_in_native, id=42100, stack(0x000000e13de00000,0x000000e13df00000)]
  0x000002ae7920d3c0 JavaThread "Driver Service Executor" daemon [_thread_blocked, id=30412, stack(0x000000e13df00000,0x000000e13e000000)]
  0x000002ae79207d20 JavaThread "Driver Service Executor" daemon [_thread_blocked, id=35376, stack(0x000000e13e000000,0x000000e13e100000)]
  0x000002ae78b28ed0 JavaThread "Driver Service Executor" daemon [_thread_blocked, id=41016, stack(0x000000e13e500000,0x000000e13e600000)]
  0x000002ae78b27b90 JavaThread "Driver Service Executor" daemon [_thread_blocked, id=29192, stack(0x000000e13e600000,0x000000e13e700000)]
  0x000002ae78b2a6e0 JavaThread "UrlChecker-16" daemon [_thread_blocked, id=43988, stack(0x000000e13e700000,0x000000e13e800000)]
  0x000002ae78b293a0 JavaThread "Keep-Alive-Timer" daemon [_thread_blocked, id=41744, stack(0x000000e13e800000,0x000000e13e900000)]

Other Threads:
  0x000002ae775496d0 VMThread "VM Thread" [stack: 0x000000e136b00000,0x000000e136c00000] [id=39480]
  0x000002ae7819b5f0 WatcherThread [stack: 0x000000e137600000,0x000000e137700000] [id=29064]
  0x000002ae5c9fae00 GCTaskThread "GC Thread#0" [stack: 0x000000e136600000,0x000000e136700000] [id=18400]
  0x000002ae78da0f40 GCTaskThread "GC Thread#1" [stack: 0x000000e137b00000,0x000000e137c00000] [id=39248]
  0x000002ae78da11f0 GCTaskThread "GC Thread#2" [stack: 0x000000e137c00000,0x000000e137d00000] [id=17944]
  0x000002ae78da14a0 GCTaskThread "GC Thread#3" [stack: 0x000000e137d00000,0x000000e137e00000] [id=1948]
  0x000002ae78236760 GCTaskThread "GC Thread#4" [stack: 0x000000e137e00000,0x000000e137f00000] [id=33004]
  0x000002ae78236a10 GCTaskThread "GC Thread#5" [stack: 0x000000e137f00000,0x000000e138000000] [id=31576]
  0x000002ae78dbe600 GCTaskThread "GC Thread#6" [stack: 0x000000e138700000,0x000000e138800000] [id=40048]
  0x000002ae78dbd330 GCTaskThread "GC Thread#7" [stack: 0x000000e138800000,0x000000e138900000] [id=36140]
  0x000002ae5ca08280 ConcurrentGCThread "G1 Main Marker" [stack: 0x000000e136700000,0x000000e136800000] [id=32916]
  0x000002ae5ca08c90 ConcurrentGCThread "G1 Conc#0" [stack: 0x000000e136800000,0x000000e136900000] [id=39708]
  0x000002ae78dbd890 ConcurrentGCThread "G1 Conc#1" [stack: 0x000000e138900000,0x000000e138a00000] [id=40556]
  0x000002ae5ca6d760 ConcurrentGCThread "G1 Refine#0" [stack: 0x000000e136900000,0x000000e136a00000] [id=10812]
  0x000002ae5ca6e020 ConcurrentGCThread "G1 Service" [stack: 0x000000e136a00000,0x000000e136b00000] [id=23180]

Threads with active compile tasks:
C2 CompilerThread0  2911110 6576       4       org.testng.shaded.com.google.gson.stream.JsonWriter::string (171 bytes)

VM state: not at safepoint (normal execution)

VM Mutex/Monitor currently owned by a thread: None

Heap address: 0x00000000a1e00000, size: 1506 MB, Compressed Oops mode: 32-bit

CDS archive(s) not mapped
Compressed class space mapped at: 0x0000000100000000-0x0000000140000000, reserved size: 1073741824
Narrow klass base: 0x0000000000000000, Narrow klass shift: 3, Narrow klass range: 0x140000000

GC Precious Log:
 CPUs: 8 total, 8 available
 Memory: 6021M
 Large Page Support: Disabled
 NUMA Support: Disabled
 Compressed Oops: Enabled (32-bit)
 Heap Region Size: 1M
 Heap Min Capacity: 8M
 Heap Initial Capacity: 96M
 Heap Max Capacity: 1506M
 Pre-touch: Disabled
 Parallel Workers: 8
 Concurrent Workers: 2
 Concurrent Refinement Workers: 8
 Periodic GC: Disabled

Heap:
 garbage-first heap   total 266240K, used 108527K [0x00000000a1e00000, 0x0000000100000000)
  region size 1024K, 12 young (12288K), 3 survivors (3072K)
 Metaspace       used 39843K, committed 40064K, reserved 1089536K
  class space    used 4286K, committed 4416K, reserved 1048576K

Heap Regions: E=young(eden), S=young(survivor), O=old, HS=humongous(starts), HC=humongous(continues), CS=collection set, F=free, OA=open archive, CA=closed archive, TAMS=top-at-mark-start (previous, next)
|   0|0x00000000a1e00000, 0x00000000a1f00000, 0x00000000a1f00000|100%| O|  |TAMS 0x00000000a1f00000, 0x00000000a1f00000| Untracked 
|   1|0x00000000a1f00000, 0x00000000a2000000, 0x00000000a2000000|100%| O|  |TAMS 0x00000000a2000000, 0x00000000a2000000| Untracked 
|   2|0x00000000a2000000, 0x00000000a2100000, 0x00000000a2100000|100%| O|  |TAMS 0x00000000a2100000, 0x00000000a2100000| Untracked 
|   3|0x00000000a2100000, 0x00000000a2200000, 0x00000000a2200000|100%| O|  |TAMS 0x00000000a2200000, 0x00000000a2200000| Untracked 
|   4|0x00000000a2200000, 0x00000000a2300000, 0x00000000a2300000|100%| O|  |TAMS 0x00000000a2300000, 0x00000000a2300000| Untracked 
|   5|0x00000000a2300000, 0x00000000a2400000, 0x00000000a2400000|100%| O|  |TAMS 0x00000000a2400000, 0x00000000a2400000| Untracked 
|   6|0x00000000a2400000, 0x00000000a247fa00, 0x00000000a2500000| 49%| O|  |TAMS 0x00000000a247fa00, 0x00000000a247fa00| Untracked 
|   7|0x00000000a2500000, 0x00000000a2600000, 0x00000000a2600000|100%| O|  |TAMS 0x00000000a2600000, 0x00000000a2600000| Untracked 
|   8|0x00000000a2600000, 0x00000000a2700000, 0x00000000a2700000|100%| O|  |TAMS 0x00000000a2700000, 0x00000000a2700000| Untracked 
|   9|0x00000000a2700000, 0x00000000a2800000, 0x00000000a2800000|100%| O|  |TAMS 0x00000000a2800000, 0x00000000a2800000| Untracked 
|  10|0x00000000a2800000, 0x00000000a2900000, 0x00000000a2900000|100%| O|  |TAMS 0x00000000a2900000, 0x00000000a2900000| Untracked 
|  11|0x00000000a2900000, 0x00000000a2a00000, 0x00000000a2a00000|100%| O|  |TAMS 0x00000000a2a00000, 0x00000000a2a00000| Untracked 
|  12|0x00000000a2a00000, 0x00000000a2b00000, 0x00000000a2b00000|100%| O|  |TAMS 0x00000000a2b00000, 0x00000000a2b00000| Untracked 
|  13|0x00000000a2b00000, 0x00000000a2c00000, 0x00000000a2c00000|100%| O|  |TAMS 0x00000000a2c00000, 0x00000000a2c00000| Untracked 
|  14|0x00000000a2c00000, 0x00000000a2d00000, 0x00000000a2d00000|100%| O|  |TAMS 0x00000000a2d00000, 0x00000000a2d00000| Untracked 
|  15|0x00000000a2d00000, 0x00000000a2e00000, 0x00000000a2e00000|100%| O|  |TAMS 0x00000000a2dd0a00, 0x00000000a2e00000| Untracked 
|  16|0x00000000a2e00000, 0x00000000a2f00000, 0x00000000a2f00000|100%|HS|  |TAMS 0x00000000a2f00000, 0x00000000a2f00000| Complete 
|  17|0x00000000a2f00000, 0x00000000a3000000, 0x00000000a3000000|100%|HC|  |TAMS 0x00000000a3000000, 0x00000000a3000000| Complete 
|  18|0x00000000a3000000, 0x00000000a3100000, 0x00000000a3100000|100%|HC|  |TAMS 0x00000000a3100000, 0x00000000a3100000| Complete 
|  19|0x00000000a3100000, 0x00000000a3200000, 0x00000000a3200000|100%|HC|  |TAMS 0x00000000a3200000, 0x00000000a3200000| Complete 
|  20|0x00000000a3200000, 0x00000000a3300000, 0x00000000a3300000|100%|HC|  |TAMS 0x00000000a3300000, 0x00000000a3300000| Complete 
|  21|0x00000000a3300000, 0x00000000a3400000, 0x00000000a3400000|100%|HS|  |TAMS 0x00000000a3400000, 0x00000000a3400000| Complete 
|  22|0x00000000a3400000, 0x00000000a3500000, 0x00000000a3500000|100%|HC|  |TAMS 0x00000000a3500000, 0x00000000a3500000| Complete 
|  23|0x00000000a3500000, 0x00000000a3600000, 0x00000000a3600000|100%|HC|  |TAMS 0x00000000a3600000, 0x00000000a3600000| Complete 
|  24|0x00000000a3600000, 0x00000000a3700000, 0x00000000a3700000|100%|HC|  |TAMS 0x00000000a3700000, 0x00000000a3700000| Complete 
|  25|0x00000000a3700000, 0x00000000a3800000, 0x00000000a3800000|100%|HC|  |TAMS 0x00000000a3800000, 0x00000000a3800000| Complete 
|  26|0x00000000a3800000, 0x00000000a3900000, 0x00000000a3900000|100%|HS|  |TAMS 0x00000000a3900000, 0x00000000a3900000| Complete 
|  27|0x00000000a3900000, 0x00000000a3a00000, 0x00000000a3a00000|100%|HC|  |TAMS 0x00000000a3a00000, 0x00000000a3a00000| Complete 
|  28|0x00000000a3a00000, 0x00000000a3b00000, 0x00000000a3b00000|100%|HC|  |TAMS 0x00000000a3b00000, 0x00000000a3b00000| Complete 
|  29|0x00000000a3b00000, 0x00000000a3c00000, 0x00000000a3c00000|100%|HC|  |TAMS 0x00000000a3c00000, 0x00000000a3c00000| Complete 
|  30|0x00000000a3c00000, 0x00000000a3d00000, 0x00000000a3d00000|100%|HC|  |TAMS 0x00000000a3d00000, 0x00000000a3d00000| Complete 
|  31|0x00000000a3d00000, 0x00000000a3e00000, 0x00000000a3e00000|100%|HS|  |TAMS 0x00000000a3e00000, 0x00000000a3e00000| Complete 
|  32|0x00000000a3e00000, 0x00000000a3f00000, 0x00000000a3f00000|100%|HC|  |TAMS 0x00000000a3f00000, 0x00000000a3f00000| Complete 
|  33|0x00000000a3f00000, 0x00000000a4000000, 0x00000000a4000000|100%|HC|  |TAMS 0x00000000a4000000, 0x00000000a4000000| Complete 
|  34|0x00000000a4000000, 0x00000000a4100000, 0x00000000a4100000|100%|HC|  |TAMS 0x00000000a4100000, 0x00000000a4100000| Complete 
|  35|0x00000000a4100000, 0x00000000a4200000, 0x00000000a4200000|100%|HC|  |TAMS 0x00000000a4200000, 0x00000000a4200000| Complete 
|  36|0x00000000a4200000, 0x00000000a4300000, 0x00000000a4300000|100%|HS|  |TAMS 0x00000000a4300000, 0x00000000a4300000| Complete 
|  37|0x00000000a4300000, 0x00000000a4400000, 0x00000000a4400000|100%|HC|  |TAMS 0x00000000a4400000, 0x00000000a4400000| Complete 
|  38|0x00000000a4400000, 0x00000000a4500000, 0x00000000a4500000|100%|HC|  |TAMS 0x00000000a4500000, 0x00000000a4500000| Complete 
|  39|0x00000000a4500000, 0x00000000a4600000, 0x00000000a4600000|100%|HC|  |TAMS 0x00000000a4600000, 0x00000000a4600000| Complete 
|  40|0x00000000a4600000, 0x00000000a4700000, 0x00000000a4700000|100%|HC|  |TAMS 0x00000000a4700000, 0x00000000a4700000| Complete 
|  41|0x00000000a4700000, 0x00000000a4800000, 0x00000000a4800000|100%|HS|  |TAMS 0x00000000a4800000, 0x00000000a4800000| Complete 
|  42|0x00000000a4800000, 0x00000000a4900000, 0x00000000a4900000|100%|HC|  |TAMS 0x00000000a4900000, 0x00000000a4900000| Complete 
|  43|0x00000000a4900000, 0x00000000a4a00000, 0x00000000a4a00000|100%|HC|  |TAMS 0x00000000a4a00000, 0x00000000a4a00000| Complete 
|  44|0x00000000a4a00000, 0x00000000a4b00000, 0x00000000a4b00000|100%|HC|  |TAMS 0x00000000a4b00000, 0x00000000a4b00000| Complete 
|  45|0x00000000a4b00000, 0x00000000a4c00000, 0x00000000a4c00000|100%|HC|  |TAMS 0x00000000a4c00000, 0x00000000a4c00000| Complete 
|  46|0x00000000a4c00000, 0x00000000a4d00000, 0x00000000a4d00000|100%|HS|  |TAMS 0x00000000a4d00000, 0x00000000a4d00000| Complete 
|  47|0x00000000a4d00000, 0x00000000a4e00000, 0x00000000a4e00000|100%|HC|  |TAMS 0x00000000a4e00000, 0x00000000a4e00000| Complete 
|  48|0x00000000a4e00000, 0x00000000a4f00000, 0x00000000a4f00000|100%|HC|  |TAMS 0x00000000a4f00000, 0x00000000a4f00000| Complete 
|  49|0x00000000a4f00000, 0x00000000a5000000, 0x00000000a5000000|100%|HC|  |TAMS 0x00000000a5000000, 0x00000000a5000000| Complete 
|  50|0x00000000a5000000, 0x00000000a5100000, 0x00000000a5100000|100%|HC|  |TAMS 0x00000000a5100000, 0x00000000a5100000| Complete 
|  51|0x00000000a5100000, 0x00000000a5200000, 0x00000000a5200000|100%|HS|  |TAMS 0x00000000a5200000, 0x00000000a5200000| Complete 
|  52|0x00000000a5200000, 0x00000000a5300000, 0x00000000a5300000|100%|HC|  |TAMS 0x00000000a5300000, 0x00000000a5300000| Complete 
|  53|0x00000000a5300000, 0x00000000a5400000, 0x00000000a5400000|100%|HC|  |TAMS 0x00000000a5400000, 0x00000000a5400000| Complete 
|  54|0x00000000a5400000, 0x00000000a5500000, 0x00000000a5500000|100%|HC|  |TAMS 0x00000000a5500000, 0x00000000a5500000| Complete 
|  55|0x00000000a5500000, 0x00000000a5600000, 0x00000000a5600000|100%|HC|  |TAMS 0x00000000a5600000, 0x00000000a5600000| Complete 
|  56|0x00000000a5600000, 0x00000000a5700000, 0x00000000a5700000|100%|HS|  |TAMS 0x00000000a5700000, 0x00000000a5700000| Complete 
|  57|0x00000000a5700000, 0x00000000a5800000, 0x00000000a5800000|100%|HC|  |TAMS 0x00000000a5800000, 0x00000000a5800000| Complete 
|  58|0x00000000a5800000, 0x00000000a5900000, 0x00000000a5900000|100%|HC|  |TAMS 0x00000000a5900000, 0x00000000a5900000| Complete 
|  59|0x00000000a5900000, 0x00000000a5a00000, 0x00000000a5a00000|100%|HC|  |TAMS 0x00000000a5a00000, 0x00000000a5a00000| Complete 
|  60|0x00000000a5a00000, 0x00000000a5b00000, 0x00000000a5b00000|100%|HC|  |TAMS 0x00000000a5b00000, 0x00000000a5b00000| Complete 
|  61|0x00000000a5b00000, 0x00000000a5c00000, 0x00000000a5c00000|100%|HS|  |TAMS 0x00000000a5c00000, 0x00000000a5c00000| Complete 
|  62|0x00000000a5c00000, 0x00000000a5d00000, 0x00000000a5d00000|100%|HC|  |TAMS 0x00000000a5d00000, 0x00000000a5d00000| Complete 
|  63|0x00000000a5d00000, 0x00000000a5e00000, 0x00000000a5e00000|100%|HC|  |TAMS 0x00000000a5e00000, 0x00000000a5e00000| Complete 
|  64|0x00000000a5e00000, 0x00000000a5f00000, 0x00000000a5f00000|100%|HC|  |TAMS 0x00000000a5f00000, 0x00000000a5f00000| Complete 
|  65|0x00000000a5f00000, 0x00000000a6000000, 0x00000000a6000000|100%|HC|  |TAMS 0x00000000a6000000, 0x00000000a6000000| Complete 
|  66|0x00000000a6000000, 0x00000000a6100000, 0x00000000a6100000|100%|HS|  |TAMS 0x00000000a6100000, 0x00000000a6100000| Complete 
|  67|0x00000000a6100000, 0x00000000a6200000, 0x00000000a6200000|100%|HC|  |TAMS 0x00000000a6200000, 0x00000000a6200000| Complete 
|  68|0x00000000a6200000, 0x00000000a6300000, 0x00000000a6300000|100%|HC|  |TAMS 0x00000000a6300000, 0x00000000a6300000| Complete 
|  69|0x00000000a6300000, 0x00000000a6400000, 0x00000000a6400000|100%|HC|  |TAMS 0x00000000a6400000, 0x00000000a6400000| Complete 
|  70|0x00000000a6400000, 0x00000000a6500000, 0x00000000a6500000|100%|HC|  |TAMS 0x00000000a6500000, 0x00000000a6500000| Complete 
|  71|0x00000000a6500000, 0x00000000a6600000, 0x00000000a6600000|100%|HS|  |TAMS 0x00000000a6600000, 0x00000000a6600000| Complete 
|  72|0x00000000a6600000, 0x00000000a6700000, 0x00000000a6700000|100%|HC|  |TAMS 0x00000000a6700000, 0x00000000a6700000| Complete 
|  73|0x00000000a6700000, 0x00000000a6800000, 0x00000000a6800000|100%|HC|  |TAMS 0x00000000a6800000, 0x00000000a6800000| Complete 
|  74|0x00000000a6800000, 0x00000000a6900000, 0x00000000a6900000|100%|HC|  |TAMS 0x00000000a6900000, 0x00000000a6900000| Complete 
|  75|0x00000000a6900000, 0x00000000a6a00000, 0x00000000a6a00000|100%|HC|  |TAMS 0x00000000a6a00000, 0x00000000a6a00000| Complete 
|  76|0x00000000a6a00000, 0x00000000a6b00000, 0x00000000a6b00000|100%|HS|  |TAMS 0x00000000a6b00000, 0x00000000a6b00000| Complete 
|  77|0x00000000a6b00000, 0x00000000a6c00000, 0x00000000a6c00000|100%|HC|  |TAMS 0x00000000a6c00000, 0x00000000a6c00000| Complete 
|  78|0x00000000a6c00000, 0x00000000a6d00000, 0x00000000a6d00000|100%|HC|  |TAMS 0x00000000a6d00000, 0x00000000a6d00000| Complete 
|  79|0x00000000a6d00000, 0x00000000a6e00000, 0x00000000a6e00000|100%|HC|  |TAMS 0x00000000a6e00000, 0x00000000a6e00000| Complete 
|  80|0x00000000a6e00000, 0x00000000a6f00000, 0x00000000a6f00000|100%|HC|  |TAMS 0x00000000a6f00000, 0x00000000a6f00000| Complete 
|  81|0x00000000a6f00000, 0x00000000a6f33000, 0x00000000a7000000| 19%| O|  |TAMS 0x00000000a6f00000, 0x00000000a6f2b400| Untracked 
|  82|0x00000000a7000000, 0x00000000a7100000, 0x00000000a7100000|100%|HS|  |TAMS 0x00000000a7000000, 0x00000000a7100000| Complete 
|  83|0x00000000a7100000, 0x00000000a7200000, 0x00000000a7200000|100%|HC|  |TAMS 0x00000000a7100000, 0x00000000a7200000| Complete 
|  84|0x00000000a7200000, 0x00000000a7300000, 0x00000000a7300000|100%|HC|  |TAMS 0x00000000a7200000, 0x00000000a7300000| Complete 
|  85|0x00000000a7300000, 0x00000000a7400000, 0x00000000a7400000|100%|HC|  |TAMS 0x00000000a7300000, 0x00000000a7400000| Complete 
|  86|0x00000000a7400000, 0x00000000a7500000, 0x00000000a7500000|100%|HC|  |TAMS 0x00000000a7400000, 0x00000000a7500000| Complete 
|  87|0x00000000a7500000, 0x00000000a7600000, 0x00000000a7600000|100%|HS|  |TAMS 0x00000000a7500000, 0x00000000a7500000| Complete 
|  88|0x00000000a7600000, 0x00000000a7700000, 0x00000000a7700000|100%|HC|  |TAMS 0x00000000a7600000, 0x00000000a7600000| Complete 
|  89|0x00000000a7700000, 0x00000000a7800000, 0x00000000a7800000|100%|HC|  |TAMS 0x00000000a7700000, 0x00000000a7700000| Complete 
|  90|0x00000000a7800000, 0x00000000a7900000, 0x00000000a7900000|100%|HC|  |TAMS 0x00000000a7800000, 0x00000000a7800000| Complete 
|  91|0x00000000a7900000, 0x00000000a7a00000, 0x00000000a7a00000|100%|HC|  |TAMS 0x00000000a7900000, 0x00000000a7900000| Complete 
|  92|0x00000000a7a00000, 0x00000000a7b00000, 0x00000000a7b00000|100%|HS|  |TAMS 0x00000000a7a00000, 0x00000000a7a00000| Complete 
|  93|0x00000000a7b00000, 0x00000000a7c00000, 0x00000000a7c00000|100%|HC|  |TAMS 0x00000000a7b00000, 0x00000000a7b00000| Complete 
|  94|0x00000000a7c00000, 0x00000000a7d00000, 0x00000000a7d00000|100%|HC|  |TAMS 0x00000000a7c00000, 0x00000000a7c00000| Complete 
|  95|0x00000000a7d00000, 0x00000000a7e00000, 0x00000000a7e00000|100%|HC|  |TAMS 0x00000000a7d00000, 0x00000000a7d00000| Complete 
|  96|0x00000000a7e00000, 0x00000000a7f00000, 0x00000000a7f00000|100%|HC|  |TAMS 0x00000000a7e00000, 0x00000000a7e00000| Complete 
|  97|0x00000000a7f00000, 0x00000000a7f00000, 0x00000000a8000000|  0%| F|  |TAMS 0x00000000a7f00000, 0x00000000a7f00000| Untracked 
|  98|0x00000000a8000000, 0x00000000a8000000, 0x00000000a8100000|  0%| F|  |TAMS 0x00000000a8000000, 0x00000000a8000000| Untracked 
|  99|0x00000000a8100000, 0x00000000a8100000, 0x00000000a8200000|  0%| F|  |TAMS 0x00000000a8100000, 0x00000000a8100000| Untracked 
| 100|0x00000000a8200000, 0x00000000a8200000, 0x00000000a8300000|  0%| F|  |TAMS 0x00000000a8200000, 0x00000000a8200000| Untracked 
| 101|0x00000000a8300000, 0x00000000a8300000, 0x00000000a8400000|  0%| F|  |TAMS 0x00000000a8300000, 0x00000000a8300000| Untracked 
| 102|0x00000000a8400000, 0x00000000a8400000, 0x00000000a8500000|  0%| F|  |TAMS 0x00000000a8400000, 0x00000000a8400000| Untracked 
| 103|0x00000000a8500000, 0x00000000a8500000, 0x00000000a8600000|  0%| F|  |TAMS 0x00000000a8500000, 0x00000000a8500000| Untracked 
| 104|0x00000000a8600000, 0x00000000a8600000, 0x00000000a8700000|  0%| F|  |TAMS 0x00000000a8600000, 0x00000000a8600000| Untracked 
| 105|0x00000000a8700000, 0x00000000a8700000, 0x00000000a8800000|  0%| F|  |TAMS 0x00000000a8700000, 0x00000000a8700000| Untracked 
| 106|0x00000000a8800000, 0x00000000a8800000, 0x00000000a8900000|  0%| F|  |TAMS 0x00000000a8800000, 0x00000000a8800000| Untracked 
| 107|0x00000000a8900000, 0x00000000a8900000, 0x00000000a8a00000|  0%| F|  |TAMS 0x00000000a8900000, 0x00000000a8900000| Untracked 
| 108|0x00000000a8a00000, 0x00000000a8a00000, 0x00000000a8b00000|  0%| F|  |TAMS 0x00000000a8a00000, 0x00000000a8a00000| Untracked 
| 109|0x00000000a8b00000, 0x00000000a8b00000, 0x00000000a8c00000|  0%| F|  |TAMS 0x00000000a8b00000, 0x00000000a8b00000| Untracked 
| 110|0x00000000a8c00000, 0x00000000a8c00000, 0x00000000a8d00000|  0%| F|  |TAMS 0x00000000a8c00000, 0x00000000a8c00000| Untracked 
| 111|0x00000000a8d00000, 0x00000000a8d00000, 0x00000000a8e00000|  0%| F|  |TAMS 0x00000000a8d00000, 0x00000000a8d00000| Untracked 
| 112|0x00000000a8e00000, 0x00000000a8e00000, 0x00000000a8f00000|  0%| F|  |TAMS 0x00000000a8e00000, 0x00000000a8e00000| Untracked 
| 113|0x00000000a8f00000, 0x00000000a8f00000, 0x00000000a9000000|  0%| F|  |TAMS 0x00000000a8f00000, 0x00000000a8f00000| Untracked 
| 114|0x00000000a9000000, 0x00000000a9000000, 0x00000000a9100000|  0%| F|  |TAMS 0x00000000a9000000, 0x00000000a9000000| Untracked 
| 115|0x00000000a9100000, 0x00000000a9100000, 0x00000000a9200000|  0%| F|  |TAMS 0x00000000a9100000, 0x00000000a9100000| Untracked 
| 116|0x00000000a9200000, 0x00000000a9200000, 0x00000000a9300000|  0%| F|  |TAMS 0x00000000a9200000, 0x00000000a9200000| Untracked 
| 117|0x00000000a9300000, 0x00000000a9300000, 0x00000000a9400000|  0%| F|  |TAMS 0x00000000a9300000, 0x00000000a9300000| Untracked 
| 118|0x00000000a9400000, 0x00000000a9400000, 0x00000000a9500000|  0%| F|  |TAMS 0x00000000a9400000, 0x00000000a9400000| Untracked 
| 119|0x00000000a9500000, 0x00000000a9549590, 0x00000000a9600000| 28%| S|CS|TAMS 0x00000000a9500000, 0x00000000a9500000| Complete 
| 120|0x00000000a9600000, 0x00000000a9700000, 0x00000000a9700000|100%| S|CS|TAMS 0x00000000a9600000, 0x00000000a9600000| Complete 
| 121|0x00000000a9700000, 0x00000000a9800000, 0x00000000a9800000|100%| S|CS|TAMS 0x00000000a9700000, 0x00000000a9700000| Complete 
| 122|0x00000000a9800000, 0x00000000a9800000, 0x00000000a9900000|  0%| F|  |TAMS 0x00000000a9800000, 0x00000000a9800000| Untracked 
| 123|0x00000000a9900000, 0x00000000a9900000, 0x00000000a9a00000|  0%| F|  |TAMS 0x00000000a9900000, 0x00000000a9900000| Untracked 
| 124|0x00000000a9a00000, 0x00000000a9a00000, 0x00000000a9b00000|  0%| F|  |TAMS 0x00000000a9a00000, 0x00000000a9a00000| Untracked 
| 125|0x00000000a9b00000, 0x00000000a9b00000, 0x00000000a9c00000|  0%| F|  |TAMS 0x00000000a9b00000, 0x00000000a9b00000| Untracked 
| 126|0x00000000a9c00000, 0x00000000a9c00000, 0x00000000a9d00000|  0%| F|  |TAMS 0x00000000a9c00000, 0x00000000a9c00000| Untracked 
| 127|0x00000000a9d00000, 0x00000000a9d00000, 0x00000000a9e00000|  0%| F|  |TAMS 0x00000000a9d00000, 0x00000000a9d00000| Untracked 
| 128|0x00000000a9e00000, 0x00000000a9e00000, 0x00000000a9f00000|  0%| F|  |TAMS 0x00000000a9e00000, 0x00000000a9e00000| Untracked 
| 129|0x00000000a9f00000, 0x00000000a9f00000, 0x00000000aa000000|  0%| F|  |TAMS 0x00000000a9f00000, 0x00000000a9f00000| Untracked 
| 130|0x00000000aa000000, 0x00000000aa000000, 0x00000000aa100000|  0%| F|  |TAMS 0x00000000aa000000, 0x00000000aa000000| Untracked 
| 131|0x00000000aa100000, 0x00000000aa100000, 0x00000000aa200000|  0%| F|  |TAMS 0x00000000aa100000, 0x00000000aa100000| Untracked 
| 132|0x00000000aa200000, 0x00000000aa200000, 0x00000000aa300000|  0%| F|  |TAMS 0x00000000aa200000, 0x00000000aa200000| Untracked 
| 133|0x00000000aa300000, 0x00000000aa300000, 0x00000000aa400000|  0%| F|  |TAMS 0x00000000aa300000, 0x00000000aa300000| Untracked 
| 134|0x00000000aa400000, 0x00000000aa400000, 0x00000000aa500000|  0%| F|  |TAMS 0x00000000aa400000, 0x00000000aa400000| Untracked 
| 135|0x00000000aa500000, 0x00000000aa500000, 0x00000000aa600000|  0%| F|  |TAMS 0x00000000aa500000, 0x00000000aa500000| Untracked 
| 136|0x00000000aa600000, 0x00000000aa600000, 0x00000000aa700000|  0%| F|  |TAMS 0x00000000aa600000, 0x00000000aa600000| Untracked 
| 137|0x00000000aa700000, 0x00000000aa700000, 0x00000000aa800000|  0%| F|  |TAMS 0x00000000aa700000, 0x00000000aa700000| Untracked 
| 138|0x00000000aa800000, 0x00000000aa800000, 0x00000000aa900000|  0%| F|  |TAMS 0x00000000aa800000, 0x00000000aa800000| Untracked 
| 139|0x00000000aa900000, 0x00000000aa900000, 0x00000000aaa00000|  0%| F|  |TAMS 0x00000000aa900000, 0x00000000aa900000| Untracked 
| 140|0x00000000aaa00000, 0x00000000aaa00000, 0x00000000aab00000|  0%| F|  |TAMS 0x00000000aaa00000, 0x00000000aaa00000| Untracked 
| 141|0x00000000aab00000, 0x00000000aab00000, 0x00000000aac00000|  0%| F|  |TAMS 0x00000000aab00000, 0x00000000aab00000| Untracked 
| 142|0x00000000aac00000, 0x00000000aac00000, 0x00000000aad00000|  0%| F|  |TAMS 0x00000000aac00000, 0x00000000aac00000| Untracked 
| 143|0x00000000aad00000, 0x00000000aad00000, 0x00000000aae00000|  0%| F|  |TAMS 0x00000000aad00000, 0x00000000aad00000| Untracked 
| 144|0x00000000aae00000, 0x00000000aae00000, 0x00000000aaf00000|  0%| F|  |TAMS 0x00000000aae00000, 0x00000000aae00000| Untracked 
| 145|0x00000000aaf00000, 0x00000000aaf00000, 0x00000000ab000000|  0%| F|  |TAMS 0x00000000aaf00000, 0x00000000aaf00000| Untracked 
| 146|0x00000000ab000000, 0x00000000ab000000, 0x00000000ab100000|  0%| F|  |TAMS 0x00000000ab000000, 0x00000000ab000000| Untracked 
| 147|0x00000000ab100000, 0x00000000ab100000, 0x00000000ab200000|  0%| F|  |TAMS 0x00000000ab100000, 0x00000000ab100000| Untracked 
| 148|0x00000000ab200000, 0x00000000ab200000, 0x00000000ab300000|  0%| F|  |TAMS 0x00000000ab200000, 0x00000000ab200000| Untracked 
| 149|0x00000000ab300000, 0x00000000ab300000, 0x00000000ab400000|  0%| F|  |TAMS 0x00000000ab300000, 0x00000000ab300000| Untracked 
| 150|0x00000000ab400000, 0x00000000ab400000, 0x00000000ab500000|  0%| F|  |TAMS 0x00000000ab400000, 0x00000000ab400000| Untracked 
| 151|0x00000000ab500000, 0x00000000ab500000, 0x00000000ab600000|  0%| F|  |TAMS 0x00000000ab500000, 0x00000000ab500000| Untracked 
| 152|0x00000000ab600000, 0x00000000ab600000, 0x00000000ab700000|  0%| F|  |TAMS 0x00000000ab600000, 0x00000000ab600000| Untracked 
| 153|0x00000000ab700000, 0x00000000ab700000, 0x00000000ab800000|  0%| F|  |TAMS 0x00000000ab700000, 0x00000000ab700000| Untracked 
| 154|0x00000000ab800000, 0x00000000ab800000, 0x00000000ab900000|  0%| F|  |TAMS 0x00000000ab800000, 0x00000000ab800000| Untracked 
| 155|0x00000000ab900000, 0x00000000ab900000, 0x00000000aba00000|  0%| F|  |TAMS 0x00000000ab900000, 0x00000000ab900000| Untracked 
| 156|0x00000000aba00000, 0x00000000aba00000, 0x00000000abb00000|  0%| F|  |TAMS 0x00000000aba00000, 0x00000000aba00000| Untracked 
| 157|0x00000000abb00000, 0x00000000abb00000, 0x00000000abc00000|  0%| F|  |TAMS 0x00000000abb00000, 0x00000000abb00000| Untracked 
| 158|0x00000000abc00000, 0x00000000abc00000, 0x00000000abd00000|  0%| F|  |TAMS 0x00000000abc00000, 0x00000000abc00000| Untracked 
| 159|0x00000000abd00000, 0x00000000abd00000, 0x00000000abe00000|  0%| F|  |TAMS 0x00000000abd00000, 0x00000000abd00000| Untracked 
| 160|0x00000000abe00000, 0x00000000abe00000, 0x00000000abf00000|  0%| F|  |TAMS 0x00000000abe00000, 0x00000000abe00000| Untracked 
| 161|0x00000000abf00000, 0x00000000abf00000, 0x00000000ac000000|  0%| F|  |TAMS 0x00000000abf00000, 0x00000000abf00000| Untracked 
| 162|0x00000000ac000000, 0x00000000ac000000, 0x00000000ac100000|  0%| F|  |TAMS 0x00000000ac000000, 0x00000000ac000000| Untracked 
| 163|0x00000000ac100000, 0x00000000ac100000, 0x00000000ac200000|  0%| F|  |TAMS 0x00000000ac100000, 0x00000000ac100000| Untracked 
| 164|0x00000000ac200000, 0x00000000ac200000, 0x00000000ac300000|  0%| F|  |TAMS 0x00000000ac200000, 0x00000000ac200000| Untracked 
| 165|0x00000000ac300000, 0x00000000ac300000, 0x00000000ac400000|  0%| F|  |TAMS 0x00000000ac300000, 0x00000000ac300000| Untracked 
| 166|0x00000000ac400000, 0x00000000ac400000, 0x00000000ac500000|  0%| F|  |TAMS 0x00000000ac400000, 0x00000000ac400000| Untracked 
| 167|0x00000000ac500000, 0x00000000ac500000, 0x00000000ac600000|  0%| F|  |TAMS 0x00000000ac500000, 0x00000000ac500000| Untracked 
| 168|0x00000000ac600000, 0x00000000ac600000, 0x00000000ac700000|  0%| F|  |TAMS 0x00000000ac600000, 0x00000000ac600000| Untracked 
| 169|0x00000000ac700000, 0x00000000ac700000, 0x00000000ac800000|  0%| F|  |TAMS 0x00000000ac700000, 0x00000000ac700000| Untracked 
| 170|0x00000000ac800000, 0x00000000ac800000, 0x00000000ac900000|  0%| F|  |TAMS 0x00000000ac800000, 0x00000000ac800000| Untracked 
| 171|0x00000000ac900000, 0x00000000ac900000, 0x00000000aca00000|  0%| F|  |TAMS 0x00000000ac900000, 0x00000000ac900000| Untracked 
| 172|0x00000000aca00000, 0x00000000aca00000, 0x00000000acb00000|  0%| F|  |TAMS 0x00000000aca00000, 0x00000000aca00000| Untracked 
| 173|0x00000000acb00000, 0x00000000acb00000, 0x00000000acc00000|  0%| F|  |TAMS 0x00000000acb00000, 0x00000000acb00000| Untracked 
| 174|0x00000000acc00000, 0x00000000acc00000, 0x00000000acd00000|  0%| F|  |TAMS 0x00000000acc00000, 0x00000000acc00000| Untracked 
| 175|0x00000000acd00000, 0x00000000acd00000, 0x00000000ace00000|  0%| F|  |TAMS 0x00000000acd00000, 0x00000000acd00000| Untracked 
| 176|0x00000000ace00000, 0x00000000ace00000, 0x00000000acf00000|  0%| F|  |TAMS 0x00000000ace00000, 0x00000000ace00000| Untracked 
| 177|0x00000000acf00000, 0x00000000acf00000, 0x00000000ad000000|  0%| F|  |TAMS 0x00000000acf00000, 0x00000000acf00000| Untracked 
| 178|0x00000000ad000000, 0x00000000ad000000, 0x00000000ad100000|  0%| F|  |TAMS 0x00000000ad000000, 0x00000000ad000000| Untracked 
| 179|0x00000000ad100000, 0x00000000ad100000, 0x00000000ad200000|  0%| F|  |TAMS 0x00000000ad100000, 0x00000000ad100000| Untracked 
| 180|0x00000000ad200000, 0x00000000ad200000, 0x00000000ad300000|  0%| F|  |TAMS 0x00000000ad200000, 0x00000000ad200000| Untracked 
| 181|0x00000000ad300000, 0x00000000ad300000, 0x00000000ad400000|  0%| F|  |TAMS 0x00000000ad300000, 0x00000000ad300000| Untracked 
| 182|0x00000000ad400000, 0x00000000ad400000, 0x00000000ad500000|  0%| F|  |TAMS 0x00000000ad400000, 0x00000000ad400000| Untracked 
| 183|0x00000000ad500000, 0x00000000ad500000, 0x00000000ad600000|  0%| F|  |TAMS 0x00000000ad500000, 0x00000000ad500000| Untracked 
| 184|0x00000000ad600000, 0x00000000ad600000, 0x00000000ad700000|  0%| F|  |TAMS 0x00000000ad600000, 0x00000000ad600000| Untracked 
| 185|0x00000000ad700000, 0x00000000ad700000, 0x00000000ad800000|  0%| F|  |TAMS 0x00000000ad700000, 0x00000000ad700000| Untracked 
| 186|0x00000000ad800000, 0x00000000ad800000, 0x00000000ad900000|  0%| F|  |TAMS 0x00000000ad800000, 0x00000000ad800000| Untracked 
| 187|0x00000000ad900000, 0x00000000ad900000, 0x00000000ada00000|  0%| F|  |TAMS 0x00000000ad900000, 0x00000000ad900000| Untracked 
| 188|0x00000000ada00000, 0x00000000ada00000, 0x00000000adb00000|  0%| F|  |TAMS 0x00000000ada00000, 0x00000000ada00000| Untracked 
| 189|0x00000000adb00000, 0x00000000adb00000, 0x00000000adc00000|  0%| F|  |TAMS 0x00000000adb00000, 0x00000000adb00000| Untracked 
| 190|0x00000000adc00000, 0x00000000adc00000, 0x00000000add00000|  0%| F|  |TAMS 0x00000000adc00000, 0x00000000adc00000| Untracked 
| 191|0x00000000add00000, 0x00000000add00000, 0x00000000ade00000|  0%| F|  |TAMS 0x00000000add00000, 0x00000000add00000| Untracked 
| 192|0x00000000ade00000, 0x00000000ade00000, 0x00000000adf00000|  0%| F|  |TAMS 0x00000000ade00000, 0x00000000ade00000| Untracked 
| 193|0x00000000adf00000, 0x00000000adf00000, 0x00000000ae000000|  0%| F|  |TAMS 0x00000000adf00000, 0x00000000adf00000| Untracked 
| 194|0x00000000ae000000, 0x00000000ae000000, 0x00000000ae100000|  0%| F|  |TAMS 0x00000000ae000000, 0x00000000ae000000| Untracked 
| 195|0x00000000ae100000, 0x00000000ae100000, 0x00000000ae200000|  0%| F|  |TAMS 0x00000000ae100000, 0x00000000ae100000| Untracked 
| 196|0x00000000ae200000, 0x00000000ae200000, 0x00000000ae300000|  0%| F|  |TAMS 0x00000000ae200000, 0x00000000ae200000| Untracked 
| 197|0x00000000ae300000, 0x00000000ae300000, 0x00000000ae400000|  0%| F|  |TAMS 0x00000000ae300000, 0x00000000ae300000| Untracked 
| 198|0x00000000ae400000, 0x00000000ae400000, 0x00000000ae500000|  0%| F|  |TAMS 0x00000000ae400000, 0x00000000ae400000| Untracked 
| 199|0x00000000ae500000, 0x00000000ae500000, 0x00000000ae600000|  0%| F|  |TAMS 0x00000000ae500000, 0x00000000ae500000| Untracked 
| 200|0x00000000ae600000, 0x00000000ae600000, 0x00000000ae700000|  0%| F|  |TAMS 0x00000000ae600000, 0x00000000ae600000| Untracked 
| 201|0x00000000ae700000, 0x00000000ae700000, 0x00000000ae800000|  0%| F|  |TAMS 0x00000000ae700000, 0x00000000ae700000| Untracked 
| 202|0x00000000ae800000, 0x00000000ae800000, 0x00000000ae900000|  0%| F|  |TAMS 0x00000000ae800000, 0x00000000ae800000| Untracked 
| 203|0x00000000ae900000, 0x00000000ae900000, 0x00000000aea00000|  0%| F|  |TAMS 0x00000000ae900000, 0x00000000ae900000| Untracked 
| 204|0x00000000aea00000, 0x00000000aea00000, 0x00000000aeb00000|  0%| F|  |TAMS 0x00000000aea00000, 0x00000000aea00000| Untracked 
| 205|0x00000000aeb00000, 0x00000000aeb00000, 0x00000000aec00000|  0%| F|  |TAMS 0x00000000aeb00000, 0x00000000aeb00000| Untracked 
| 206|0x00000000aec00000, 0x00000000aec00000, 0x00000000aed00000|  0%| F|  |TAMS 0x00000000aec00000, 0x00000000aec00000| Untracked 
| 207|0x00000000aed00000, 0x00000000aed00000, 0x00000000aee00000|  0%| F|  |TAMS 0x00000000aed00000, 0x00000000aed00000| Untracked 
| 208|0x00000000aee00000, 0x00000000aee00000, 0x00000000aef00000|  0%| F|  |TAMS 0x00000000aee00000, 0x00000000aee00000| Untracked 
| 209|0x00000000aef00000, 0x00000000aef00000, 0x00000000af000000|  0%| F|  |TAMS 0x00000000aef00000, 0x00000000aef00000| Untracked 
| 210|0x00000000af000000, 0x00000000af000000, 0x00000000af100000|  0%| F|  |TAMS 0x00000000af000000, 0x00000000af000000| Untracked 
| 211|0x00000000af100000, 0x00000000af100000, 0x00000000af200000|  0%| F|  |TAMS 0x00000000af100000, 0x00000000af100000| Untracked 
| 212|0x00000000af200000, 0x00000000af200000, 0x00000000af300000|  0%| F|  |TAMS 0x00000000af200000, 0x00000000af200000| Untracked 
| 213|0x00000000af300000, 0x00000000af300000, 0x00000000af400000|  0%| F|  |TAMS 0x00000000af300000, 0x00000000af300000| Untracked 
| 214|0x00000000af400000, 0x00000000af400000, 0x00000000af500000|  0%| F|  |TAMS 0x00000000af400000, 0x00000000af400000| Untracked 
| 215|0x00000000af500000, 0x00000000af500000, 0x00000000af600000|  0%| F|  |TAMS 0x00000000af500000, 0x00000000af500000| Untracked 
| 216|0x00000000af600000, 0x00000000af600000, 0x00000000af700000|  0%| F|  |TAMS 0x00000000af600000, 0x00000000af600000| Untracked 
| 217|0x00000000af700000, 0x00000000af700000, 0x00000000af800000|  0%| F|  |TAMS 0x00000000af700000, 0x00000000af700000| Untracked 
| 218|0x00000000af800000, 0x00000000af800000, 0x00000000af900000|  0%| F|  |TAMS 0x00000000af800000, 0x00000000af800000| Untracked 
| 219|0x00000000af900000, 0x00000000af900000, 0x00000000afa00000|  0%| F|  |TAMS 0x00000000af900000, 0x00000000af900000| Untracked 
| 220|0x00000000afa00000, 0x00000000afa00000, 0x00000000afb00000|  0%| F|  |TAMS 0x00000000afa00000, 0x00000000afa00000| Untracked 
| 221|0x00000000afb00000, 0x00000000afb00000, 0x00000000afc00000|  0%| F|  |TAMS 0x00000000afb00000, 0x00000000afb00000| Untracked 
| 222|0x00000000afc00000, 0x00000000afc00000, 0x00000000afd00000|  0%| F|  |TAMS 0x00000000afc00000, 0x00000000afc00000| Untracked 
| 223|0x00000000afd00000, 0x00000000afd00000, 0x00000000afe00000|  0%| F|  |TAMS 0x00000000afd00000, 0x00000000afd00000| Untracked 
| 224|0x00000000afe00000, 0x00000000afe00000, 0x00000000aff00000|  0%| F|  |TAMS 0x00000000afe00000, 0x00000000afe00000| Untracked 
| 225|0x00000000aff00000, 0x00000000aff00000, 0x00000000b0000000|  0%| F|  |TAMS 0x00000000aff00000, 0x00000000aff00000| Untracked 
| 226|0x00000000b0000000, 0x00000000b0000000, 0x00000000b0100000|  0%| F|  |TAMS 0x00000000b0000000, 0x00000000b0000000| Untracked 
| 227|0x00000000b0100000, 0x00000000b0100000, 0x00000000b0200000|  0%| F|  |TAMS 0x00000000b0100000, 0x00000000b0100000| Untracked 
| 228|0x00000000b0200000, 0x00000000b0200000, 0x00000000b0300000|  0%| F|  |TAMS 0x00000000b0200000, 0x00000000b0200000| Untracked 
| 229|0x00000000b0300000, 0x00000000b0300000, 0x00000000b0400000|  0%| F|  |TAMS 0x00000000b0300000, 0x00000000b0300000| Untracked 
| 230|0x00000000b0400000, 0x00000000b0400000, 0x00000000b0500000|  0%| F|  |TAMS 0x00000000b0400000, 0x00000000b0400000| Untracked 
| 231|0x00000000b0500000, 0x00000000b0500000, 0x00000000b0600000|  0%| F|  |TAMS 0x00000000b0500000, 0x00000000b0500000| Untracked 
| 232|0x00000000b0600000, 0x00000000b0600000, 0x00000000b0700000|  0%| F|  |TAMS 0x00000000b0600000, 0x00000000b0600000| Untracked 
| 233|0x00000000b0700000, 0x00000000b0700000, 0x00000000b0800000|  0%| F|  |TAMS 0x00000000b0700000, 0x00000000b0700000| Untracked 
| 234|0x00000000b0800000, 0x00000000b0800000, 0x00000000b0900000|  0%| F|  |TAMS 0x00000000b0800000, 0x00000000b0800000| Untracked 
| 235|0x00000000b0900000, 0x00000000b0900000, 0x00000000b0a00000|  0%| F|  |TAMS 0x00000000b0900000, 0x00000000b0900000| Untracked 
| 236|0x00000000b0a00000, 0x00000000b0a00000, 0x00000000b0b00000|  0%| F|  |TAMS 0x00000000b0a00000, 0x00000000b0a00000| Untracked 
| 237|0x00000000b0b00000, 0x00000000b0b00000, 0x00000000b0c00000|  0%| F|  |TAMS 0x00000000b0b00000, 0x00000000b0b00000| Untracked 
| 238|0x00000000b0c00000, 0x00000000b0c00000, 0x00000000b0d00000|  0%| F|  |TAMS 0x00000000b0c00000, 0x00000000b0c00000| Untracked 
| 239|0x00000000b0d00000, 0x00000000b0d00000, 0x00000000b0e00000|  0%| F|  |TAMS 0x00000000b0d00000, 0x00000000b0d00000| Untracked 
| 240|0x00000000b0e00000, 0x00000000b0e00000, 0x00000000b0f00000|  0%| F|  |TAMS 0x00000000b0e00000, 0x00000000b0e00000| Untracked 
| 241|0x00000000b0f00000, 0x00000000b0f00000, 0x00000000b1000000|  0%| F|  |TAMS 0x00000000b0f00000, 0x00000000b0f00000| Untracked 
| 242|0x00000000b1000000, 0x00000000b1000000, 0x00000000b1100000|  0%| F|  |TAMS 0x00000000b1000000, 0x00000000b1000000| Untracked 
| 243|0x00000000b1100000, 0x00000000b1100000, 0x00000000b1200000|  0%| F|  |TAMS 0x00000000b1100000, 0x00000000b1100000| Untracked 
| 244|0x00000000b1200000, 0x00000000b1200000, 0x00000000b1300000|  0%| F|  |TAMS 0x00000000b1200000, 0x00000000b1200000| Untracked 
| 245|0x00000000b1300000, 0x00000000b1300000, 0x00000000b1400000|  0%| F|  |TAMS 0x00000000b1300000, 0x00000000b1300000| Untracked 
| 246|0x00000000b1400000, 0x00000000b1400000, 0x00000000b1500000|  0%| F|  |TAMS 0x00000000b1400000, 0x00000000b1400000| Untracked 
| 247|0x00000000b1500000, 0x00000000b1500000, 0x00000000b1600000|  0%| F|  |TAMS 0x00000000b1500000, 0x00000000b1500000| Untracked 
| 248|0x00000000b1600000, 0x00000000b1600000, 0x00000000b1700000|  0%| F|  |TAMS 0x00000000b1600000, 0x00000000b1600000| Untracked 
| 249|0x00000000b1700000, 0x00000000b1700000, 0x00000000b1800000|  0%| F|  |TAMS 0x00000000b1700000, 0x00000000b1700000| Untracked 
| 250|0x00000000b1800000, 0x00000000b1880800, 0x00000000b1900000| 50%| E|  |TAMS 0x00000000b1800000, 0x00000000b1800000| Complete 
| 251|0x00000000b1900000, 0x00000000b1a00000, 0x00000000b1a00000|100%| E|CS|TAMS 0x00000000b1900000, 0x00000000b1900000| Complete 
| 252|0x00000000b1a00000, 0x00000000b1b00000, 0x00000000b1b00000|100%| E|CS|TAMS 0x00000000b1a00000, 0x00000000b1a00000| Complete 
| 253|0x00000000b1b00000, 0x00000000b1c00000, 0x00000000b1c00000|100%| E|CS|TAMS 0x00000000b1b00000, 0x00000000b1b00000| Complete 
| 254|0x00000000b1c00000, 0x00000000b1d00000, 0x00000000b1d00000|100%| E|CS|TAMS 0x00000000b1c00000, 0x00000000b1c00000| Complete 
| 255|0x00000000b1d00000, 0x00000000b1e00000, 0x00000000b1e00000|100%| E|CS|TAMS 0x00000000b1d00000, 0x00000000b1d00000| Complete 
| 256|0x00000000b1e00000, 0x00000000b1f00000, 0x00000000b1f00000|100%| E|CS|TAMS 0x00000000b1e00000, 0x00000000b1e00000| Complete 
| 257|0x00000000b1f00000, 0x00000000b2000000, 0x00000000b2000000|100%| E|CS|TAMS 0x00000000b1f00000, 0x00000000b1f00000| Complete 
| 258|0x00000000b2000000, 0x00000000b2100000, 0x00000000b2100000|100%| E|CS|TAMS 0x00000000b2000000, 0x00000000b2000000| Complete 
| 259|0x00000000b2100000, 0x00000000b2200000, 0x00000000b2200000|100%| E|CS|TAMS 0x00000000b2100000, 0x00000000b2100000| Complete 

Card table byte_map: [0x000002ae715a0000,0x000002ae718a0000] _byte_map_base: 0x000002ae71091000

Marking Bits (Prev, Next): (CMBitMap*) 0x000002ae5c9fb450, (CMBitMap*) 0x000002ae5c9fb410
 Prev Bits: [0x000002ae73330000, 0x000002ae74ab8000)
 Next Bits: [0x000002ae71ba0000, 0x000002ae73328000)

Polling page: 0x000002ae5ca70000

Metaspace:

Usage:
  Non-class:     34.74 MB used.
      Class:      4.19 MB used.
       Both:     38.93 MB used.

Virtual space:
  Non-class space:       40.00 MB reserved,      34.94 MB ( 87%) committed,  5 nodes.
      Class space:        1.00 GB reserved,       4.31 MB ( <1%) committed,  1 nodes.
             Both:        1.04 GB reserved,      39.25 MB (  4%) committed. 

Chunk freelists:
   Non-Class:  816.00 KB
       Class:  3.63 MB
        Both:  4.43 MB

MaxMetaspaceSize: unlimited
CompressedClassSpaceSize: 1.00 GB
Initial GC threshold: 21.00 MB
Current GC threshold: 64.62 MB
CDS: off
MetaspaceReclaimPolicy: balanced
 - commit_granule_bytes: 65536.
 - commit_granule_words: 8192.
 - virtual_space_node_default_size: 1048576.
 - enlarge_chunks_in_place: 1.
 - new_chunks_are_fully_committed: 0.
 - uncommit_free_chunks: 1.
 - use_allocation_guard: 0.
 - handle_deallocations: 1.


Internal statistics:

num_allocs_failed_limit: 3.
num_arena_births: 312.
num_arena_deaths: 44.
num_vsnodes_births: 6.
num_vsnodes_deaths: 0.
num_space_committed: 628.
num_space_uncommitted: 0.
num_chunks_returned_to_freelist: 54.
num_chunks_taken_from_freelist: 1105.
num_chunk_merges: 16.
num_chunk_splits: 698.
num_chunks_enlarged: 509.
num_purges: 4.
num_inconsistent_stats: 0.

CodeHeap 'non-profiled nmethods': size=120000Kb used=3379Kb max_used=3379Kb free=116620Kb
 bounds [0x000002ae69300000, 0x000002ae69650000, 0x000002ae70830000]
CodeHeap 'profiled nmethods': size=120000Kb used=13158Kb max_used=13158Kb free=106841Kb
 bounds [0x000002ae61dd0000, 0x000002ae62ab0000, 0x000002ae69300000]
CodeHeap 'non-nmethods': size=5760Kb used=1344Kb max_used=1378Kb free=4415Kb
 bounds [0x000002ae61830000, 0x000002ae61aa0000, 0x000002ae61dd0000]
 total_blobs=7293 nmethods=6619 adapters=584
 compilation: enabled
              stopped_count=0, restarted_count=0
 full_count=0

Compilation events (20 events):
Event: 2911.024 Thread 0x000002ae78013200 6581       1       java.lang.ThreadLocal::initialValue (2 bytes)
Event: 2911.024 Thread 0x000002ae78013200 nmethod 6581 0x000002ae6964bb10 code [0x000002ae6964bca0, 0x000002ae6964bd78]
Event: 2911.026 Thread 0x000002ae78013200 6582       3       java.util.Calendar::defaultTimeZone (39 bytes)
Event: 2911.028 Thread 0x000002ae78013200 nmethod 6582 0x000002ae62a8e590 code [0x000002ae62a8e840, 0x000002ae62a8f618]
Event: 2911.028 Thread 0x000002ae78013200 6583   !   3       java.util.Calendar::createCalendar (289 bytes)
Event: 2911.030 Thread 0x000002ae78011340 nmethod 6569 0x000002ae6964be10 code [0x000002ae6964bfc0, 0x000002ae6964c568]
Event: 2911.030 Thread 0x000002ae78011340 6576       4       org.testng.shaded.com.google.gson.stream.JsonWriter::string (171 bytes)
Event: 2911.030 Thread 0x000002ae78013200 nmethod 6583 0x000002ae62a8fb10 code [0x000002ae62a8fec0, 0x000002ae62a91508]
Event: 2911.030 Thread 0x000002ae78013200 6584       3       sun.util.locale.provider.CalendarProviderImpl::getInstance (25 bytes)
Event: 2911.030 Thread 0x000002ae78013200 nmethod 6584 0x000002ae62a91d90 code [0x000002ae62a91fc0, 0x000002ae62a92758]
Event: 2911.031 Thread 0x000002ae78013200 6586       3       org.testng.shaded.com.google.gson.internal.bind.ObjectTypeAdapter$1::create (20 bytes)
Event: 2911.031 Thread 0x000002ae78013200 nmethod 6586 0x000002ae62a92a10 code [0x000002ae62a92be0, 0x000002ae62a92f78]
Event: 2911.031 Thread 0x000002ae78013200 6587       1       org.testng.internal.Arguments::getInstance (5 bytes)
Event: 2911.031 Thread 0x000002ae78013200 nmethod 6587 0x000002ae6964c910 code [0x000002ae6964caa0, 0x000002ae6964cb78]
Event: 2911.034 Thread 0x000002ae78013200 6588       3       java.io.FileDescriptor$1::getHandle (5 bytes)
Event: 2911.034 Thread 0x000002ae78013200 nmethod 6588 0x000002ae62a93110 code [0x000002ae62a932a0, 0x000002ae62a933b8]
Event: 2911.046 Thread 0x000002ae78013200 6589       3       java.lang.AbstractStringBuilder::append (33 bytes)
Event: 2911.046 Thread 0x000002ae78013200 nmethod 6589 0x000002ae62a93490 code [0x000002ae62a93640, 0x000002ae62a93828]
Event: 2911.049 Thread 0x000002ae78013200 6590       3       java.util.StringTokenizer::countTokens (46 bytes)
Event: 2911.049 Thread 0x000002ae78013200 nmethod 6590 0x000002ae62a93990 code [0x000002ae62a93b40, 0x000002ae62a93dd8]

GC Heap History (20 events):
Event: 1082.572 GC heap before
{Heap before GC invocations=31 (full 0):
 garbage-first heap   total 91136K, used 60381K [0x00000000a1e00000, 0x0000000100000000)
  region size 1024K, 15 young (15360K), 2 survivors (2048K)
 Metaspace       used 37384K, committed 37696K, reserved 1089536K
  class space    used 4084K, committed 4224K, reserved 1048576K
}
Event: 1082.574 GC heap after
{Heap after GC invocations=32 (full 0):
 garbage-first heap   total 91136K, used 48015K [0x00000000a1e00000, 0x0000000100000000)
  region size 1024K, 2 young (2048K), 2 survivors (2048K)
 Metaspace       used 37384K, committed 37696K, reserved 1089536K
  class space    used 4084K, committed 4224K, reserved 1048576K
}
Event: 1518.516 GC heap before
{Heap before GC invocations=33 (full 0):
 garbage-first heap   total 92160K, used 81807K [0x00000000a1e00000, 0x0000000100000000)
  region size 1024K, 30 young (30720K), 2 survivors (2048K)
 Metaspace       used 37454K, committed 37760K, reserved 1089536K
  class space    used 4087K, committed 4224K, reserved 1048576K
}
Event: 1518.519 GC heap after
{Heap after GC invocations=34 (full 0):
 garbage-first heap   total 92160K, used 53190K [0x00000000a1e00000, 0x0000000100000000)
  region size 1024K, 2 young (2048K), 2 survivors (2048K)
 Metaspace       used 37454K, committed 37760K, reserved 1089536K
  class space    used 4087K, committed 4224K, reserved 1048576K
}
Event: 1518.593 GC heap before
{Heap before GC invocations=34 (full 0):
 garbage-first heap   total 92160K, used 54214K [0x00000000a1e00000, 0x0000000100000000)
  region size 1024K, 4 young (4096K), 2 survivors (2048K)
 Metaspace       used 37456K, committed 37760K, reserved 1089536K
  class space    used 4087K, committed 4224K, reserved 1048576K
}
Event: 1518.596 GC heap after
{Heap after GC invocations=35 (full 0):
 garbage-first heap   total 92160K, used 53111K [0x00000000a1e00000, 0x0000000100000000)
  region size 1024K, 2 young (2048K), 2 survivors (2048K)
 Metaspace       used 37456K, committed 37760K, reserved 1089536K
  class space    used 4087K, committed 4224K, reserved 1048576K
}
Event: 1855.717 GC heap before
{Heap before GC invocations=36 (full 0):
 garbage-first heap   total 101376K, used 74615K [0x00000000a1e00000, 0x0000000100000000)
  region size 1024K, 19 young (19456K), 2 survivors (2048K)
 Metaspace       used 37463K, committed 37760K, reserved 1089536K
  class space    used 4079K, committed 4224K, reserved 1048576K
}
Event: 1855.724 GC heap after
{Heap after GC invocations=37 (full 0):
 garbage-first heap   total 101376K, used 58444K [0x00000000a1e00000, 0x0000000100000000)
  region size 1024K, 2 young (2048K), 2 survivors (2048K)
 Metaspace       used 37463K, committed 37760K, reserved 1089536K
  class space    used 4079K, committed 4224K, reserved 1048576K
}
Event: 2156.480 GC heap before
{Heap before GC invocations=38 (full 0):
 garbage-first heap   total 109568K, used 78924K [0x00000000a1e00000, 0x0000000100000000)
  region size 1024K, 18 young (18432K), 2 survivors (2048K)
 Metaspace       used 37487K, committed 37824K, reserved 1089536K
  class space    used 4077K, committed 4224K, reserved 1048576K
}
Event: 2156.483 GC heap after
{Heap after GC invocations=39 (full 0):
 garbage-first heap   total 132096K, used 63652K [0x00000000a1e00000, 0x0000000100000000)
  region size 1024K, 3 young (3072K), 3 survivors (3072K)
 Metaspace       used 37487K, committed 37824K, reserved 1089536K
  class space    used 4077K, committed 4224K, reserved 1048576K
}
Event: 2276.887 GC heap before
{Heap before GC invocations=40 (full 0):
 garbage-first heap   total 132096K, used 74916K [0x00000000a1e00000, 0x0000000100000000)
  region size 1024K, 10 young (10240K), 3 survivors (3072K)
 Metaspace       used 37520K, committed 37824K, reserved 1089536K
  class space    used 4078K, committed 4224K, reserved 1048576K
}
Event: 2276.889 GC heap after
{Heap after GC invocations=41 (full 0):
 garbage-first heap   total 132096K, used 68965K [0x00000000a1e00000, 0x0000000100000000)
  region size 1024K, 3 young (3072K), 3 survivors (3072K)
 Metaspace       used 37520K, committed 37824K, reserved 1089536K
  class space    used 4078K, committed 4224K, reserved 1048576K
}
Event: 2443.079 GC heap before
{Heap before GC invocations=42 (full 0):
 garbage-first heap   total 132096K, used 106853K [0x00000000a1e00000, 0x0000000100000000)
  region size 1024K, 36 young (36864K), 3 survivors (3072K)
 Metaspace       used 37579K, committed 37824K, reserved 1089536K
  class space    used 4083K, committed 4224K, reserved 1048576K
}
Event: 2443.083 GC heap after
{Heap after GC invocations=43 (full 0):
 garbage-first heap   total 132096K, used 74016K [0x00000000a1e00000, 0x0000000100000000)
  region size 1024K, 3 young (3072K), 3 survivors (3072K)
 Metaspace       used 37579K, committed 37824K, reserved 1089536K
  class space    used 4083K, committed 4224K, reserved 1048576K
}
Event: 2600.801 GC heap before
{Heap before GC invocations=44 (full 0):
 garbage-first heap   total 135168K, used 87328K [0x00000000a1e00000, 0x0000000100000000)
  region size 1024K, 12 young (12288K), 3 survivors (3072K)
 Metaspace       used 39427K, committed 39680K, reserved 1089536K
  class space    used 4256K, committed 4416K, reserved 1048576K
}
Event: 2600.804 GC heap after
{Heap after GC invocations=45 (full 0):
 garbage-first heap   total 135168K, used 79667K [0x00000000a1e00000, 0x0000000100000000)
  region size 1024K, 3 young (3072K), 3 survivors (3072K)
 Metaspace       used 39427K, committed 39680K, reserved 1089536K
  class space    used 4256K, committed 4416K, reserved 1048576K
}
Event: 2674.546 GC heap before
{Heap before GC invocations=46 (full 0):
 garbage-first heap   total 145408K, used 87859K [0x00000000a1e00000, 0x0000000100000000)
  region size 1024K, 7 young (7168K), 3 survivors (3072K)
 Metaspace       used 39485K, committed 39744K, reserved 1089536K
  class space    used 4260K, committed 4416K, reserved 1048576K
}
Event: 2674.551 GC heap after
{Heap after GC invocations=47 (full 0):
 garbage-first heap   total 145408K, used 84870K [0x00000000a1e00000, 0x0000000100000000)
  region size 1024K, 3 young (3072K), 3 survivors (3072K)
 Metaspace       used 39485K, committed 39744K, reserved 1089536K
  class space    used 4260K, committed 4416K, reserved 1048576K
}
Event: 2818.512 GC heap before
{Heap before GC invocations=48 (full 0):
 garbage-first heap   total 153600K, used 114566K [0x00000000a1e00000, 0x0000000100000000)
  region size 1024K, 28 young (28672K), 3 survivors (3072K)
 Metaspace       used 39522K, committed 39808K, reserved 1089536K
  class space    used 4261K, committed 4416K, reserved 1048576K
}
Event: 2818.521 GC heap after
{Heap after GC invocations=49 (full 0):
 garbage-first heap   total 266240K, used 90095K [0x00000000a1e00000, 0x0000000100000000)
  region size 1024K, 3 young (3072K), 3 survivors (3072K)
 Metaspace       used 39522K, committed 39808K, reserved 1089536K
  class space    used 4261K, committed 4416K, reserved 1048576K
}

Deoptimization events (20 events):
Event: 2910.901 Thread 0x000002ae5c9af700 Uncommon trap: trap_request=0xffffffde fr.pc=0x000002ae695502e4 relative=0x0000000000000064
Event: 2910.901 Thread 0x000002ae5c9af700 Uncommon trap: reason=class_check action=maybe_recompile pc=0x000002ae695502e4 method=java.util.Collections$UnmodifiableMap$UnmodifiableEntrySet$UnmodifiableEntrySetSpliterator.characteristics()I @ 4 c2
Event: 2910.901 Thread 0x000002ae5c9af700 DEOPT PACKING pc=0x000002ae695502e4 sp=0x000000e1365fc7d0
Event: 2910.902 Thread 0x000002ae5c9af700 DEOPT UNPACKING pc=0x000002ae618823a3 sp=0x000000e1365fc758 mode 2
Event: 2910.902 Thread 0x000002ae5c9af700 Uncommon trap: trap_request=0xffffffde fr.pc=0x000002ae694c4568 relative=0x00000000000002c8
Event: 2910.902 Thread 0x000002ae5c9af700 Uncommon trap: reason=class_check action=maybe_recompile pc=0x000002ae694c4568 method=java.util.stream.StreamOpFlag.fromCharacteristics(Ljava/util/Spliterator;)I @ 14 c2
Event: 2910.902 Thread 0x000002ae5c9af700 DEOPT PACKING pc=0x000002ae694c4568 sp=0x000000e1365fc7f0
Event: 2910.902 Thread 0x000002ae5c9af700 DEOPT UNPACKING pc=0x000002ae618823a3 sp=0x000000e1365fc740 mode 2
Event: 2910.902 Thread 0x000002ae5c9af700 Uncommon trap: trap_request=0xffffffde fr.pc=0x000002ae695508b0 relative=0x00000000000002f0
Event: 2910.902 Thread 0x000002ae5c9af700 Uncommon trap: reason=class_check action=maybe_recompile pc=0x000002ae695508b0 method=java.util.Collections$UnmodifiableMap$UnmodifiableEntrySet$UnmodifiableEntrySetSpliterator.getExactSizeIfKnown()J @ 4 c2
Event: 2910.902 Thread 0x000002ae5c9af700 DEOPT PACKING pc=0x000002ae695508b0 sp=0x000000e1365fc760
Event: 2910.902 Thread 0x000002ae5c9af700 DEOPT UNPACKING pc=0x000002ae618823a3 sp=0x000000e1365fc718 mode 2
Event: 2911.014 Thread 0x000002ae5c9af700 Uncommon trap: trap_request=0xffffff45 fr.pc=0x000002ae6943cd94 relative=0x0000000000000454
Event: 2911.014 Thread 0x000002ae5c9af700 Uncommon trap: reason=unstable_if action=reinterpret pc=0x000002ae6943cd94 method=java.util.HashMap.hash(Ljava/lang/Object;)I @ 1 c2
Event: 2911.014 Thread 0x000002ae5c9af700 DEOPT PACKING pc=0x000002ae6943cd94 sp=0x000000e1365fddd0
Event: 2911.014 Thread 0x000002ae5c9af700 DEOPT UNPACKING pc=0x000002ae618823a3 sp=0x000000e1365fdc08 mode 2
Event: 2911.028 Thread 0x000002ae5c9af700 Uncommon trap: trap_request=0xffffff45 fr.pc=0x000002ae6943bdd0 relative=0x0000000000000230
Event: 2911.028 Thread 0x000002ae5c9af700 Uncommon trap: reason=unstable_if action=reinterpret pc=0x000002ae6943bdd0 method=java.util.HashMap.hash(Ljava/lang/Object;)I @ 1 c2
Event: 2911.028 Thread 0x000002ae5c9af700 DEOPT PACKING pc=0x000002ae6943bdd0 sp=0x000000e1365fdb80
Event: 2911.028 Thread 0x000002ae5c9af700 DEOPT UNPACKING pc=0x000002ae618823a3 sp=0x000000e1365fda20 mode 2

Classes unloaded (20 events):
Event: 1518.610 Thread 0x000002ae775496d0 Unloading class 0x00000001003acc00 'java/lang/invoke/LambdaForm$MH+0x00000001003acc00'
Event: 1518.610 Thread 0x000002ae775496d0 Unloading class 0x00000001003ac800 'java/lang/invoke/LambdaForm$MH+0x00000001003ac800'
Event: 1518.610 Thread 0x000002ae775496d0 Unloading class 0x00000001003ac400 'java/lang/invoke/LambdaForm$MH+0x00000001003ac400'
Event: 1518.610 Thread 0x000002ae775496d0 Unloading class 0x00000001003ac000 'java/lang/invoke/LambdaForm$MH+0x00000001003ac000'
Event: 1518.610 Thread 0x000002ae775496d0 Unloading class 0x0000000100201000 'java/lang/invoke/LambdaForm$DMH+0x0000000100201000'
Event: 1518.610 Thread 0x000002ae775496d0 Unloading class 0x0000000100140800 'java/lang/invoke/LambdaForm$DMH+0x0000000100140800'
Event: 1518.610 Thread 0x000002ae775496d0 Unloading class 0x0000000100140000 'java/lang/invoke/LambdaForm$DMH+0x0000000100140000'
Event: 1518.610 Thread 0x000002ae775496d0 Unloading class 0x00000001000d7000 'java/lang/invoke/LambdaForm$MH+0x00000001000d7000'
Event: 1518.610 Thread 0x000002ae775496d0 Unloading class 0x00000001000d6800 'java/lang/invoke/LambdaForm$MH+0x00000001000d6800'
Event: 1518.610 Thread 0x000002ae775496d0 Unloading class 0x00000001000d6400 'java/lang/invoke/LambdaForm$MH+0x00000001000d6400'
Event: 1518.610 Thread 0x000002ae775496d0 Unloading class 0x00000001000d6000 'java/lang/invoke/LambdaForm$MH+0x00000001000d6000'
Event: 1518.610 Thread 0x000002ae775496d0 Unloading class 0x00000001000d5800 'java/lang/invoke/LambdaForm$MH+0x00000001000d5800'
Event: 1518.610 Thread 0x000002ae775496d0 Unloading class 0x00000001000d5400 'java/lang/invoke/LambdaForm$MH+0x00000001000d5400'
Event: 1518.610 Thread 0x000002ae775496d0 Unloading class 0x00000001000d5000 'java/lang/invoke/LambdaForm$MH+0x00000001000d5000'
Event: 1518.610 Thread 0x000002ae775496d0 Unloading class 0x00000001000d4800 'java/lang/invoke/LambdaForm$MH+0x00000001000d4800'
Event: 1855.736 Thread 0x000002ae775496d0 Unloading class 0x0000000100401800 'jdk/internal/reflect/GeneratedConstructorAccessor18'
Event: 1855.736 Thread 0x000002ae775496d0 Unloading class 0x0000000100291000 'jdk/internal/reflect/GeneratedConstructorAccessor9'
Event: 1855.736 Thread 0x000002ae775496d0 Unloading class 0x0000000100290800 'jdk/internal/reflect/GeneratedConstructorAccessor7'
Event: 1855.736 Thread 0x000002ae775496d0 Unloading class 0x0000000100290400 'jdk/internal/reflect/GeneratedConstructorAccessor6'
Event: 1855.736 Thread 0x000002ae775496d0 Unloading class 0x0000000100290000 'jdk/internal/reflect/GeneratedConstructorAccessor5'

Classes redefined (0 events):
No events

Internal exceptions (20 events):
Event: 2276.414 Thread 0x000002ae5c9af700 Exception <a 'java/net/SocketException'{0x00000000a9ae6090}: Socket is not connected: shutdown> (0x00000000a9ae6090) 
thrown [e:\jenkins\tmp\workspace\build\src\src\hotspot\share\prims\jni.cpp, line 535]
Event: 2276.414 Thread 0x000002ae5c9af700 Exception <a 'java/net/SocketException'{0x00000000a9ae68f8}: Socket is not connected: shutdown> (0x00000000a9ae68f8) 
thrown [e:\jenkins\tmp\workspace\build\src\src\hotspot\share\prims\jni.cpp, line 535]
Event: 2370.790 Thread 0x000002ae5c9af700 Exception <a 'java/lang/NoSuchMethodError'{0x00000000a98d6d70}: 'int java.lang.invoke.DirectMethodHandle$Holder.invokeInterface(java.lang.Object, java.lang.Object)'> (0x00000000a98d6d70) 
thrown [e:\jenkins\tmp\workspace\build\src\src\hotspot\share\interpreter\linkResolver.cpp, line 766]
Event: 2442.633 Thread 0x000002ae5c9af700 Exception <a 'java/net/SocketException'{0x00000000a7c47938}: Socket is not connected: shutdown> (0x00000000a7c47938) 
thrown [e:\jenkins\tmp\workspace\build\src\src\hotspot\share\prims\jni.cpp, line 535]
Event: 2442.633 Thread 0x000002ae5c9af700 Exception <a 'java/net/SocketException'{0x00000000a7c481a0}: Socket is not connected: shutdown> (0x00000000a7c481a0) 
thrown [e:\jenkins\tmp\workspace\build\src\src\hotspot\share\prims\jni.cpp, line 535]
Event: 2525.848 Thread 0x000002ae5c9af700 Exception <a 'java/lang/ClassNotFoundException'{0x00000000a9ff8870}: sun/awt/resources/spi/awtProvider> (0x00000000a9ff8870) 
thrown [e:\jenkins\tmp\workspace\build\src\src\hotspot\share\classfile\systemDictionary.cpp, line 256]
Event: 2526.032 Thread 0x000002ae5c9af700 Exception <a 'java/io/FileNotFoundException'{0x00000000a9e1ad80}> (0x00000000a9e1ad80) 
thrown [e:\jenkins\tmp\workspace\build\src\src\hotspot\share\prims\jni.cpp, line 516]
Event: 2526.037 Thread 0x000002ae5c9af700 Exception <a 'java/io/FileNotFoundException'{0x00000000a9e43ac8}> (0x00000000a9e43ac8) 
thrown [e:\jenkins\tmp\workspace\build\src\src\hotspot\share\prims\jni.cpp, line 516]
Event: 2600.327 Thread 0x000002ae5c9af700 Exception <a 'java/net/SocketException'{0x00000000a9a9a838}: Socket is not connected: shutdown> (0x00000000a9a9a838) 
thrown [e:\jenkins\tmp\workspace\build\src\src\hotspot\share\prims\jni.cpp, line 535]
Event: 2600.327 Thread 0x000002ae5c9af700 Exception <a 'java/net/SocketException'{0x00000000a9a9b0a0}: Socket is not connected: shutdown> (0x00000000a9a9b0a0) 
thrown [e:\jenkins\tmp\workspace\build\src\src\hotspot\share\prims\jni.cpp, line 535]
Event: 2674.089 Thread 0x000002ae5c9af700 Exception <a 'java/net/SocketException'{0x00000000aaa98128}: Socket is not connected: shutdown> (0x00000000aaa98128) 
thrown [e:\jenkins\tmp\workspace\build\src\src\hotspot\share\prims\jni.cpp, line 535]
Event: 2674.089 Thread 0x000002ae5c9af700 Exception <a 'java/net/SocketException'{0x00000000aaa98990}: Socket is not connected: shutdown> (0x00000000aaa98990) 
thrown [e:\jenkins\tmp\workspace\build\src\src\hotspot\share\prims\jni.cpp, line 535]
Event: 2818.049 Thread 0x000002ae5c9af700 Exception <a 'java/net/SocketException'{0x00000000a99673e8}: Socket is not connected: shutdown> (0x00000000a99673e8) 
thrown [e:\jenkins\tmp\workspace\build\src\src\hotspot\share\prims\jni.cpp, line 535]
Event: 2818.050 Thread 0x000002ae5c9af700 Exception <a 'java/net/SocketException'{0x00000000a9967c50}: Socket is not connected: shutdown> (0x00000000a9967c50) 
thrown [e:\jenkins\tmp\workspace\build\src\src\hotspot\share\prims\jni.cpp, line 535]
Event: 2909.653 Thread 0x000002ae5c9af700 Exception <a 'java/net/SocketException'{0x00000000b1c2e270}: Socket is not connected: shutdown> (0x00000000b1c2e270) 
thrown [e:\jenkins\tmp\workspace\build\src\src\hotspot\share\prims\jni.cpp, line 535]
Event: 2909.654 Thread 0x000002ae5c9af700 Exception <a 'java/net/SocketException'{0x00000000b1c2ead8}: Socket is not connected: shutdown> (0x00000000b1c2ead8) 
thrown [e:\jenkins\tmp\workspace\build\src\src\hotspot\share\prims\jni.cpp, line 535]
Event: 2910.805 Thread 0x000002ae7844bd40 Exception <a 'sun/net/ConnectionResetException'{0x00000000b1bd5228}: Connection reset> (0x00000000b1bd5228) 
thrown [e:\jenkins\tmp\workspace\build\src\src\hotspot\share\prims\jni.cpp, line 535]
Event: 2910.972 Thread 0x000002ae5c9af700 Exception <a 'java/lang/reflect/InvocationTargetException'{0x00000000b1bbb818}> (0x00000000b1bbb818) 
thrown [e:\jenkins\tmp\workspace\build\src\src\hotspot\share\runtime\reflection.cpp, line 1121]
Event: 2911.014 Thread 0x000002ae5c9af700 Implicit null exception at 0x000002ae6943c9ad to 0x000002ae6943cd78
Event: 2911.028 Thread 0x000002ae5c9af700 Implicit null exception at 0x000002ae6943bbea to 0x000002ae6943bdb4

VM Operations (20 events):
Event: 2777.266 Executing VM operation: Cleanup
Event: 2777.266 Executing VM operation: Cleanup done
Event: 2792.363 Executing VM operation: Cleanup
Event: 2792.363 Executing VM operation: Cleanup done
Event: 2796.385 Executing VM operation: Cleanup
Event: 2796.385 Executing VM operation: Cleanup done
Event: 2808.464 Executing VM operation: Cleanup
Event: 2808.464 Executing VM operation: Cleanup done
Event: 2818.511 Executing VM operation: G1TryInitiateConcMark
Event: 2818.521 Executing VM operation: G1TryInitiateConcMark done
Event: 2819.530 Executing VM operation: Cleanup
Event: 2819.530 Executing VM operation: Cleanup done
Event: 2825.568 Executing VM operation: Cleanup
Event: 2825.568 Executing VM operation: Cleanup done
Event: 2885.062 Executing VM operation: HandshakeAllThreads
Event: 2885.062 Executing VM operation: HandshakeAllThreads done
Event: 2895.155 Executing VM operation: Cleanup
Event: 2895.155 Executing VM operation: Cleanup done
Event: 2910.272 Executing VM operation: Cleanup
Event: 2910.272 Executing VM operation: Cleanup done

Events (20 events):
Event: 2910.803 Thread 0x000002ae78b2b080 Thread exited: 0x000002ae78b2b080
Event: 2910.805 Thread 0x000002ae78b28060 Thread exited: 0x000002ae78b28060
Event: 2910.807 loading class java/util/concurrent/CompletionException
Event: 2910.811 loading class java/util/concurrent/CompletionException done
Event: 2910.811 Thread 0x000002ae7920d890 Thread exited: 0x000002ae7920d890
Event: 2910.887 loading class java/net/InetAddress$CachedLocalHost
Event: 2910.892 loading class java/net/InetAddress$CachedLocalHost done
Event: 2911.037 loading class sun/util/locale/provider/TimeZoneNameUtility
Event: 2911.040 loading class sun/util/locale/provider/TimeZoneNameUtility done
Event: 2911.040 loading class sun/util/locale/provider/TimeZoneNameUtility$TimeZoneNameGetter
Event: 2911.043 loading class sun/util/locale/provider/TimeZoneNameUtility$TimeZoneNameGetter done
Event: 2911.046 loading class sun/util/cldr/CLDRTimeZoneNameProviderImpl
Event: 2911.047 loading class sun/util/locale/provider/TimeZoneNameProviderImpl
Event: 2911.048 loading class sun/util/locale/provider/TimeZoneNameProviderImpl done
Event: 2911.048 loading class sun/util/cldr/CLDRTimeZoneNameProviderImpl done
Event: 2911.050 loading class sun/util/locale/provider/BaseLocaleDataMetaInfo
Event: 2911.050 loading class sun/util/locale/provider/BaseLocaleDataMetaInfo done
Event: 2911.055 loading class sun/util/resources/cldr/TimeZoneNames
Event: 2911.059 loading class sun/util/resources/TimeZoneNamesBundle
Event: 2911.059 loading class sun/util/resources/OpenListResourceBundle


Dynamic libraries:
0x00007ff7f1f30000 - 0x00007ff7f1f3e000 	C:\Users\hp\.p2\pool\plugins\org.eclipse.justj.openjdk.hotspot.jre.full.win32.x86_64_17.0.3.v20220515-1416\jre\bin\javaw.exe
0x00007ffdd8430000 - 0x00007ffdd8644000 	C:\WINDOWS\SYSTEM32\ntdll.dll
0x00007ffdd7b30000 - 0x00007ffdd7bf4000 	C:\WINDOWS\System32\KERNEL32.DLL
0x00007ffdd5930000 - 0x00007ffdd5cd4000 	C:\WINDOWS\System32\KERNELBASE.dll
0x00007ffdd5ce0000 - 0x00007ffdd5df1000 	C:\WINDOWS\System32\ucrtbase.dll
0x00007ffdc5930000 - 0x00007ffdc5949000 	C:\Users\hp\.p2\pool\plugins\org.eclipse.justj.openjdk.hotspot.jre.full.win32.x86_64_17.0.3.v20220515-1416\jre\bin\VCRUNTIME140.dll
0x00007ffdced90000 - 0x00007ffdceda8000 	C:\Users\hp\.p2\pool\plugins\org.eclipse.justj.openjdk.hotspot.jre.full.win32.x86_64_17.0.3.v20220515-1416\jre\bin\jli.dll
0x00007ffdd7fc0000 - 0x00007ffdd816a000 	C:\WINDOWS\System32\USER32.dll
0x00007ffdd5890000 - 0x00007ffdd58b6000 	C:\WINDOWS\System32\win32u.dll
0x00007ffdc5cc0000 - 0x00007ffdc5f4f000 	C:\WINDOWS\WinSxS\amd64_microsoft.windows.common-controls_6595b64144ccf1df_6.0.22621.2070_none_2713e6537381f706\COMCTL32.dll
0x00007ffdd7a80000 - 0x00007ffdd7b27000 	C:\WINDOWS\System32\msvcrt.dll
0x00007ffdd7f90000 - 0x00007ffdd7fb9000 	C:\WINDOWS\System32\GDI32.dll
0x00007ffdd5e00000 - 0x00007ffdd5f19000 	C:\WINDOWS\System32\gdi32full.dll
0x00007ffdd6150000 - 0x00007ffdd61ea000 	C:\WINDOWS\System32\msvcp_win.dll
0x00007ffdd72c0000 - 0x00007ffdd72f1000 	C:\WINDOWS\System32\IMM32.DLL
0x00007ffdced00000 - 0x00007ffdced0c000 	C:\Users\hp\.p2\pool\plugins\org.eclipse.justj.openjdk.hotspot.jre.full.win32.x86_64_17.0.3.v20220515-1416\jre\bin\vcruntime140_1.dll
0x00007ffdaf350000 - 0x00007ffdaf3e1000 	C:\Users\hp\.p2\pool\plugins\org.eclipse.justj.openjdk.hotspot.jre.full.win32.x86_64_17.0.3.v20220515-1416\jre\bin\msvcp140.dll
0x00007ffd66b20000 - 0x00007ffd67768000 	C:\Users\hp\.p2\pool\plugins\org.eclipse.justj.openjdk.hotspot.jre.full.win32.x86_64_17.0.3.v20220515-1416\jre\bin\server\jvm.dll
0x00007ffdd8330000 - 0x00007ffdd83e0000 	C:\WINDOWS\System32\ADVAPI32.dll
0x00007ffdd8170000 - 0x00007ffdd8216000 	C:\WINDOWS\System32\sechost.dll
0x00007ffdd7e50000 - 0x00007ffdd7f67000 	C:\WINDOWS\System32\RPCRT4.dll
0x00007ffdd83e0000 - 0x00007ffdd83e8000 	C:\WINDOWS\System32\PSAPI.DLL
0x00007ffdced40000 - 0x00007ffdced49000 	C:\WINDOWS\SYSTEM32\WSOCK32.dll
0x00007ffdce9e0000 - 0x00007ffdcea14000 	C:\WINDOWS\SYSTEM32\WINMM.dll
0x00007ffdcd210000 - 0x00007ffdcd21a000 	C:\WINDOWS\SYSTEM32\VERSION.dll
0x00007ffdd7520000 - 0x00007ffdd7591000 	C:\WINDOWS\System32\WS2_32.dll
0x00007ffdd4800000 - 0x00007ffdd4818000 	C:\WINDOWS\SYSTEM32\kernel.appcore.dll
0x00007ffdd2b40000 - 0x00007ffdd2b4a000 	C:\Users\hp\.p2\pool\plugins\org.eclipse.justj.openjdk.hotspot.jre.full.win32.x86_64_17.0.3.v20220515-1416\jre\bin\jimage.dll
0x00007ffdc6260000 - 0x00007ffdc648e000 	C:\WINDOWS\SYSTEM32\DBGHELP.DLL
0x00007ffdd75a0000 - 0x00007ffdd792a000 	C:\WINDOWS\System32\combase.dll
0x00007ffdd70e0000 - 0x00007ffdd71b7000 	C:\WINDOWS\System32\OLEAUT32.dll
0x00007ffdc7100000 - 0x00007ffdc7132000 	C:\WINDOWS\SYSTEM32\dbgcore.DLL
0x00007ffdd5810000 - 0x00007ffdd588a000 	C:\WINDOWS\System32\bcryptPrimitives.dll
0x00007ffdc90d0000 - 0x00007ffdc90f5000 	C:\Users\hp\.p2\pool\plugins\org.eclipse.justj.openjdk.hotspot.jre.full.win32.x86_64_17.0.3.v20220515-1416\jre\bin\java.dll
0x00007ffdc6ee0000 - 0x00007ffdc6ef8000 	C:\Users\hp\.p2\pool\plugins\org.eclipse.justj.openjdk.hotspot.jre.full.win32.x86_64_17.0.3.v20220515-1416\jre\bin\zip.dll
0x00007ffdd6430000 - 0x00007ffdd6c46000 	C:\WINDOWS\System32\SHELL32.dll
0x00007ffdd37e0000 - 0x00007ffdd40ca000 	C:\WINDOWS\SYSTEM32\windows.storage.dll
0x00007ffdd36a0000 - 0x00007ffdd37de000 	C:\WINDOWS\SYSTEM32\wintypes.dll
0x00007ffdd7930000 - 0x00007ffdd7a23000 	C:\WINDOWS\System32\SHCORE.dll
0x00007ffdd74c0000 - 0x00007ffdd751e000 	C:\WINDOWS\System32\shlwapi.dll
0x00007ffdd5740000 - 0x00007ffdd5766000 	C:\WINDOWS\SYSTEM32\profapi.dll
0x00007ffdc6c70000 - 0x00007ffdc6c89000 	C:\Users\hp\.p2\pool\plugins\org.eclipse.justj.openjdk.hotspot.jre.full.win32.x86_64_17.0.3.v20220515-1416\jre\bin\net.dll
0x00007ffdce830000 - 0x00007ffdce967000 	C:\WINDOWS\SYSTEM32\WINHTTP.dll
0x00007ffdd4cd0000 - 0x00007ffdd4d39000 	C:\WINDOWS\system32\mswsock.dll
0x00007ffdc6bb0000 - 0x00007ffdc6bc5000 	C:\Users\hp\.p2\pool\plugins\org.eclipse.justj.openjdk.hotspot.jre.full.win32.x86_64_17.0.3.v20220515-1416\jre\bin\nio.dll
0x00007ffdd43a0000 - 0x00007ffdd4493000 	C:\WINDOWS\SYSTEM32\DNSAPI.dll
0x00007ffdd4330000 - 0x00007ffdd435d000 	C:\WINDOWS\SYSTEM32\IPHLPAPI.DLL
0x00007ffdd7c20000 - 0x00007ffdd7c29000 	C:\WINDOWS\System32\NSI.dll
0x00007ffdc7140000 - 0x00007ffdc714a000 	C:\Windows\System32\rasadhlp.dll
0x00007ffdccb20000 - 0x00007ffdccba4000 	C:\WINDOWS\System32\fwpuclnt.dll
0x00007ffdd4f20000 - 0x00007ffdd4f3b000 	C:\WINDOWS\SYSTEM32\CRYPTSP.dll
0x00007ffdd47c0000 - 0x00007ffdd47f5000 	C:\WINDOWS\system32\rsaenh.dll
0x00007ffdd4dc0000 - 0x00007ffdd4dec000 	C:\WINDOWS\SYSTEM32\USERENV.dll
0x00007ffdd50c0000 - 0x00007ffdd50e8000 	C:\WINDOWS\SYSTEM32\bcrypt.dll
0x00007ffdd4f40000 - 0x00007ffdd4f4c000 	C:\WINDOWS\SYSTEM32\CRYPTBASE.dll
0x00007ffdce210000 - 0x00007ffdce229000 	C:\WINDOWS\SYSTEM32\dhcpcsvc6.DLL
0x00007ffdce120000 - 0x00007ffdce13f000 	C:\WINDOWS\SYSTEM32\dhcpcsvc.DLL
0x00007ffdcf830000 - 0x00007ffdcf840000 	C:\Users\hp\.p2\pool\plugins\org.eclipse.justj.openjdk.hotspot.jre.full.win32.x86_64_17.0.3.v20220515-1416\jre\bin\verify.dll
0x00007ffdd2c10000 - 0x00007ffdd2ca7000 	C:\WINDOWS\system32\apphelp.dll
0x00007ffdcf760000 - 0x00007ffdcf769000 	C:\Users\hp\.p2\pool\plugins\org.eclipse.justj.openjdk.hotspot.jre.full.win32.x86_64_17.0.3.v20220515-1416\jre\bin\management.dll
0x00007ffdcf750000 - 0x00007ffdcf75b000 	C:\Users\hp\.p2\pool\plugins\org.eclipse.justj.openjdk.hotspot.jre.full.win32.x86_64_17.0.3.v20220515-1416\jre\bin\management_ext.dll
0x00007ffdcee00000 - 0x00007ffdcee0e000 	C:\Users\hp\.p2\pool\plugins\org.eclipse.justj.openjdk.hotspot.jre.full.win32.x86_64_17.0.3.v20220515-1416\jre\bin\sunmscapi.dll
0x00007ffdd5f20000 - 0x00007ffdd6087000 	C:\WINDOWS\System32\CRYPT32.dll
0x00007ffdd5090000 - 0x00007ffdd50be000 	C:\WINDOWS\SYSTEM32\ncrypt.dll
0x00007ffdd5050000 - 0x00007ffdd5087000 	C:\WINDOWS\SYSTEM32\NTASN1.dll
0x00007ffdcf840000 - 0x00007ffdcf848000 	C:\WINDOWS\system32\wshunix.dll
0x00007ffda8b30000 - 0x00007ffda8cbe000 	C:\Users\hp\.p2\pool\plugins\org.eclipse.justj.openjdk.hotspot.jre.full.win32.x86_64_17.0.3.v20220515-1416\jre\bin\awt.dll
0x00007ffdd3050000 - 0x00007ffdd307b000 	C:\WINDOWS\system32\DWMAPI.DLL
0x00007ffdd2df0000 - 0x00007ffdd2e9b000 	C:\WINDOWS\system32\uxtheme.dll
0x00007ffdb5de0000 - 0x00007ffdb5ee0000 	C:\WINDOWS\system32\opengl32.dll
0x00007ffdc6b80000 - 0x00007ffdc6bad000 	C:\WINDOWS\SYSTEM32\GLU32.dll
0x00007ffdd2f00000 - 0x00007ffdd2f38000 	C:\WINDOWS\SYSTEM32\dxcore.dll
0x00007ffdd7c30000 - 0x00007ffdd7d57000 	C:\WINDOWS\System32\MSCTF.dll
0x00007ffdd6290000 - 0x00007ffdd642c000 	C:\WINDOWS\System32\ole32.dll
0x00007ffdb9300000 - 0x00007ffdb94a9000 	C:\WINDOWS\system32\d3d9.dll
0x00007ffdcb140000 - 0x00007ffdcb318000 	C:\WINDOWS\System32\DriverStore\FileRepository\u0356148.inf_amd64_49a476cb3d4116cb\B355990\aticfx64.dll
0x00007ffdb3db0000 - 0x00007ffdb3de1000 	C:\WINDOWS\System32\DriverStore\FileRepository\u0356148.inf_amd64_49a476cb3d4116cb\B355990\atiu9p64.dll
0x00007ffd54930000 - 0x00007ffd5559a000 	C:\WINDOWS\System32\DriverStore\FileRepository\u0356148.inf_amd64_49a476cb3d4116cb\B355990\atiumd64.dll
0x0000000059710000 - 0x000000005a4b5000 	C:\WINDOWS\System32\DriverStore\FileRepository\u0356148.inf_amd64_49a476cb3d4116cb\B355990\atiumd6a.dll
0x00007ffdd56e0000 - 0x00007ffdd572d000 	C:\WINDOWS\SYSTEM32\POWRPROF.dll
0x00007ffdd56c0000 - 0x00007ffdd56d3000 	C:\WINDOWS\SYSTEM32\UMPDC.dll
0x00007ffdc8810000 - 0x00007ffdc883e000 	C:\WINDOWS\SYSTEM32\amdihk64.dll
0x00007ffdcee60000 - 0x00007ffdceeaa000 	C:\WINDOWS\SYSTEM32\directxdatabasehelper.dll
0x00007ffdb0e50000 - 0x00007ffdb0e67000 	C:\WINDOWS\system32\napinsp.dll
0x00007ffdb0e30000 - 0x00007ffdb0e4b000 	C:\WINDOWS\system32\pnrpnsp.dll
0x00007ffda8270000 - 0x00007ffda8281000 	C:\WINDOWS\System32\winrnr.dll
0x00007ffdcd360000 - 0x00007ffdcd375000 	C:\WINDOWS\system32\wshbth.dll
0x00007ffda8130000 - 0x00007ffda8151000 	C:\WINDOWS\system32\nlansp_c.dll

dbghelp: loaded successfully - version: 4.0.5 - missing functions: none
symbol engine: initialized successfully - sym options: 0x614 - pdb path: .;C:\Users\hp\.p2\pool\plugins\org.eclipse.justj.openjdk.hotspot.jre.full.win32.x86_64_17.0.3.v20220515-1416\jre\bin;C:\WINDOWS\SYSTEM32;C:\WINDOWS\WinSxS\amd64_microsoft.windows.common-controls_6595b64144ccf1df_6.0.22621.2070_none_2713e6537381f706;C:\Users\hp\.p2\pool\plugins\org.eclipse.justj.openjdk.hotspot.jre.full.win32.x86_64_17.0.3.v20220515-1416\jre\bin\server;C:\WINDOWS\System32\DriverStore\FileRepository\u0356148.inf_amd64_49a476cb3d4116cb\B355990

VM Arguments:
jvm_args: -ea -Dfile.encoding=UTF-8 -XX:+ShowCodeDetailsInExceptionMessages 
java_command: org.testng.remote.RemoteTestNG -serport 53413 -protocol json -d C:\Users\hp\eclipse-workspace\ClientAdminNETRUM\test-output C:\Users\hp\eclipse-workspace\ClientAdminNETRUM\testng.xml
java_class_path (initial): C:\Users\hp\eclipse\java-2022-06\eclipse\configuration\org.eclipse.osgi\431\0\.cp\lib\testng-remote.jar;C:\Users\hp\eclipse-workspace\ClientAdminNETRUM\target\test-classes;C:\Users\hp\eclipse-workspace\ClientAdminNETRUM\target\classes;C:\Users\hp\.p2\pool\plugins\org.testng_7.4.0.r202105021533.jar;C:\Users\hp\.p2\pool\plugins\com.beust.jcommander_1.78.0.jar;C:\Users\hp\.p2\pool\plugins\org.apache-extras.beanshell.bsh_2.0.0.b6.jar;C:\Users\hp\.p2\pool\plugins\org.yaml.snakeyaml_1.27.0.v20201111-1638.jar;C:\Users\hp\.p2\pool\plugins\org.webjars.jquery_3.5.1.jar;C:\Users\hp\.m2\repository\junit\junit\4.11\junit-4.11.jar;C:\Users\hp\.m2\repository\org\hamcrest\hamcrest-core\1.3\hamcrest-core-1.3.jar;C:\Users\hp\.m2\repository\org\seleniumhq\selenium\selenium-java\4.11.0\selenium-java-4.11.0.jar;C:\Users\hp\.m2\repository\org\seleniumhq\selenium\selenium-api\4.11.0\selenium-api-4.11.0.jar;C:\Users\hp\.m2\repository\org\seleniumhq\selenium\selenium-chrome-driver\4.11.0\selenium-chrome-driver-4.11.0.jar;C:\Users\hp\.m2\repository\com\google\auto\service\auto-service-annotations\1.0.1\auto-service-annotations-1.0.1.jar;C:\Users\hp\.m2\repository\com\google\guava\guava\31.1-jre\guava-31.1-jre.jar;C:\Users\hp\.m2\repository\com\google\guava\failureaccess\1.0.1\failureaccess-1.0.1.jar;C:\Users\hp\.m2\repository\com\google\guava\listenablefuture\9999.0-empty-to-avoid-conflict-with-guava\listenablefuture-9999.0-empty-to-avoid-conflict-with-guava.jar;C:\Users\hp\.m2\repository\com\google\code\findbugs\jsr305\3.0.2\jsr305-3.0.2.jar;C:\Users\hp\.m2\repository\org\checkerframework\checker-qual\3.12.0\checker-qual-3.12.0.jar;C:\Users\hp\.m2\repository\com\google\errorprone\error_prone_annotations\2.11.0\error_prone_annotations-2.11.0.jar;C:\Users\hp\.m2\repository\com\google\j2objc\j2objc-annotations\1.3\j2objc-annotations-1.3.jar;C:\Users\hp\.m2\repository\org\seleniumhq\selenium\selenium-chromium-driver\4.11.0\selenium-chromium-driver-4.11.0.jar;C:\User
Launcher Type: SUN_STANDARD

[Global flags]
     intx CICompilerCount                          = 4                                         {product} {ergonomic}
     uint ConcGCThreads                            = 2                                         {product} {ergonomic}
     uint G1ConcRefinementThreads                  = 8                                         {product} {ergonomic}
   size_t G1HeapRegionSize                         = 1048576                                   {product} {ergonomic}
    uintx GCDrainStackTargetSize                   = 64                                        {product} {ergonomic}
   size_t InitialHeapSize                          = 100663296                                 {product} {ergonomic}
   size_t MarkStackSize                            = 4194304                                   {product} {ergonomic}
   size_t MaxHeapSize                              = 1579155456                                {product} {ergonomic}
   size_t MaxNewSize                               = 946864128                                 {product} {ergonomic}
   size_t MinHeapDeltaBytes                        = 1048576                                   {product} {ergonomic}
   size_t MinHeapSize                              = 8388608                                   {product} {ergonomic}
    uintx NonNMethodCodeHeapSize                   = 5839372                                {pd product} {ergonomic}
    uintx NonProfiledCodeHeapSize                  = 122909434                              {pd product} {ergonomic}
    uintx ProfiledCodeHeapSize                     = 122909434                              {pd product} {ergonomic}
    uintx ReservedCodeCacheSize                    = 251658240                              {pd product} {ergonomic}
     bool SegmentedCodeCache                       = true                                      {product} {ergonomic}
     bool ShowCodeDetailsInExceptionMessages       = true                                   {manageable} {command line}
   size_t SoftMaxHeapSize                          = 1579155456                             {manageable} {ergonomic}
     bool UseCompressedClassPointers               = true                           {product lp64_product} {ergonomic}
     bool UseCompressedOops                        = true                           {product lp64_product} {ergonomic}
     bool UseG1GC                                  = true                                      {product} {ergonomic}
     bool UseLargePagesIndividualAllocation        = false                                  {pd product} {ergonomic}

Logging:
Log output configuration:
 #0: stdout all=warning uptime,level,tags
 #1: stderr all=off uptime,level,tags

Environment Variables:
PATH=C:/Users/hp/.p2/pool/plugins/org.eclipse.justj.openjdk.hotspot.jre.full.win32.x86_64_17.0.3.v20220515-1416/jre/bin/server;C:/Users/hp/.p2/pool/plugins/org.eclipse.justj.openjdk.hotspot.jre.full.win32.x86_64_17.0.3.v20220515-1416/jre/bin;C:\Program Files\Common Files\Oracle\Java\javapath;C:\XEClient\bin;C:\oraclexe\app\oracle\product\10.2.0\server\bin;C:\Windows\system32;C:\Windows;C:\Windows\System32\Wbem;C:\Windows\System32\WindowsPowerShell\v1.0\;C:\Windows\System32\OpenSSH\;C:\Program Files\Microsoft SQL Server\150\Tools\Binn\;C:\Program Files\Microsoft SQL Server\Client SDK\ODBC\170\Tools\Binn\;C:\Program Files\dotnet\;C:\Program Files (x86)\Java\jdk1.6.0\bin;C:\WINDOWS\system32;C:\WINDOWS;C:\WINDOWS\System32\Wbem;C:\WINDOWS\System32\WindowsPowerShell\v1.0\;C:\WINDOWS\System32\OpenSSH\;C:\Program Files\Git\cmd;C:\Users\hp\Downloads\apache-maven-3.8.6-bin\apache-maven-3.8.6\bin;C:\Program Files\nodejs\;C:\Users\hp\AppData\Local\Microsoft\WindowsApps;C:\Users\hp\.dotnet\tools;C:\Users\hp\AppData\Roaming\npm;C:\WINDOWS\system32;
USERNAME=hp
OS=Windows_NT
PROCESSOR_IDENTIFIER=AMD64 Family 23 Model 24 Stepping 1, AuthenticAMD



---------------  S Y S T E M  ---------------

OS:
 Windows 11 , 64 bit Build 22621 (10.0.22621.2070)
OS uptime: 6 days 22:54 hours

CPU: total 8 (initial active 8) (8 cores per cpu, 2 threads per core) family 23 model 24 stepping 1 microcode 0x0, cx8, cmov, fxsr, ht, mmx, 3dnowpref, sse, sse2, sse3, ssse3, sse4a, sse4.1, sse4.2, popcnt, lzcnt, tsc, tscinvbit, avx, avx2, aes, clmul, bmi1, bmi2, adx, sha, fma, vzeroupper, clflush, clflushopt

Memory: 4k page, system-wide physical 6021M (282M free)
TotalPageFile size 24453M (AvailPageFile size 15M)
current process WorkingSet (physical memory assigned to process): 134M, peak: 217M
current process commit charge ("private bytes"): 499M, peak: 500M

vm_info: OpenJDK 64-Bit Server VM (17.0.3+7) for windows-amd64 JRE (17.0.3+7), built on Apr 19 2022 16:55:35 by "" with MS VC++ 16.7 (VS2019)

END.
